#
# There is insufficient memory for the Java Runtime Environment to continue.
# Native memory allocation (malloc) failed to allocate 1395216 bytes. Error detail: Chunk::new
# Possible reasons:
#   The system is out of physical RAM or swap space
#   This process is running with CompressedOops enabled, and the Java Heap may be blocking the growth of the native heap
# Possible solutions:
#   Reduce memory load on the system
#   Increase physical memory or swap space
#   Check if swap backing store is full
#   Decrease Java heap size (-Xmx/-Xms)
#   Decrease number of Java threads
#   Decrease Java thread stack sizes (-Xss)
#   Set larger code cache with -XX:ReservedCodeCacheSize=
#   JVM is running with Unscaled Compressed Oops mode in which the Java heap is
#     placed in the first 4GB address space. The Java Heap base address is the
#     maximum limit for the native heap growth. Please use -XX:HeapBaseMinAddress
#     to set the Java Heap base and to place the Java Heap above 4GB virtual address.
# This output file may be truncated or incomplete.
#
#  Out of Memory Error (arena.cpp:150), pid=6496, tid=5104
#
# JRE version: OpenJDK Runtime Environment (22.0.2+9) (build 22.0.2+9-70)
# Java VM: OpenJDK 64-Bit Server VM (22.0.2+9-70, mixed mode, sharing, tiered, compressed oops, compressed class ptrs, g1 gc, windows-amd64)
# No core dump will be written. Minidumps are not enabled by default on client versions of Windows
#

---------------  S U M M A R Y ------------

Command Line: --add-opens=java.base/java.util=ALL-UNNAMED --add-opens=java.base/java.lang=ALL-UNNAMED --add-opens=java.base/java.lang.invoke=ALL-UNNAMED --add-opens=java.prefs/java.util.prefs=ALL-UNNAMED --add-opens=java.base/java.nio.charset=ALL-UNNAMED --add-opens=java.base/java.net=ALL-UNNAMED --add-opens=java.base/java.util.concurrent.atomic=ALL-UNNAMED -XX:MaxMetaspaceSize=384m -XX:+HeapDumpOnOutOfMemoryError -Xms256m -Xmx512m -Dfile.encoding=UTF-8 -Duser.country=RU -Duser.language=ru -Duser.variant -javaagent:C:\Users\User\.gradle\wrapper\dists\gradle-8.8-bin\dl7vupf4psengwqhwktix4v1\gradle-8.8\lib\agents\gradle-instrumentation-agent-8.8.jar org.gradle.launcher.daemon.bootstrap.GradleDaemon 8.8

Host: Intel(R) Celeron(R) CPU G1620 @ 2.70GHz, 2 cores, 1G,  Windows 10 , 64 bit Build 17763 (10.0.17763.6292)
Time: Mon Sep 16 01:23:09 2024 Грузинское время (зима) elapsed time: 177.164143 seconds (0d 0h 2m 57s)

---------------  T H R E A D  ---------------

Current thread (0x000001d6991303c0):  JavaThread "C2 CompilerThread0" daemon [_thread_in_native, id=5104, stack(0x0000007eebb00000,0x0000007eebc00000) (1024K)]


Current CompileTask:
C2:177165 10256       4       org.objectweb.asm.ClassWriter::toByteArray (1535 bytes)

Stack: [0x0000007eebb00000,0x0000007eebc00000]
Native frames: (J=compiled Java code, j=interpreted, Vv=VM code, C=native code)
V  [jvm.dll+0x6e26e9]  (no source info available)
V  [jvm.dll+0x875753]  (no source info available)
V  [jvm.dll+0x877b7e]  (no source info available)
V  [jvm.dll+0x878253]  (no source info available)
V  [jvm.dll+0x27fc86]  (no source info available)
V  [jvm.dll+0xc3d0f]  (no source info available)
V  [jvm.dll+0xc3f6b]  (no source info available)
V  [jvm.dll+0x3bb442]  (no source info available)
V  [jvm.dll+0x387d4b]  (no source info available)
V  [jvm.dll+0x3871ba]  (no source info available)
V  [jvm.dll+0x2477f8]  (no source info available)
V  [jvm.dll+0x246e9f]  (no source info available)
V  [jvm.dll+0x1c4e80]  (no source info available)
V  [jvm.dll+0x2568f3]  (no source info available)
V  [jvm.dll+0x254baa]  (no source info available)
V  [jvm.dll+0x3f57a6]  (no source info available)
V  [jvm.dll+0x81dc0b]  (no source info available)
V  [jvm.dll+0x6e0d85]  (no source info available)
C  [ucrtbase.dll+0x2268a]  (no source info available)
C  [KERNEL32.DLL+0x17ac4]  (no source info available)
C  [ntdll.dll+0x5a8c1]  (no source info available)


---------------  P R O C E S S  ---------------

Threads class SMR info:
_java_thread_list=0x000001d69d9e8bf0, length=34, elements={
0x000001d6def40610, 0x000001d6f8d65940, 0x000001d6f8d66760, 0x000001d6f8d6a860,
0x000001d6f8d6b620, 0x000001d6f8d6c080, 0x000001d6f8d74af0, 0x000001d6991303c0,
0x000001d6f8d7b580, 0x000001d699265190, 0x000001d6993a1060, 0x000001d69ab707e0,
0x000001d69ad67890, 0x000001d69ad1f6b0, 0x000001d69ab211b0, 0x000001d69ab21820,
0x000001d69ab21e90, 0x000001d69a960640, 0x000001d69a16b800, 0x000001d69a168a10,
0x000001d69a16be90, 0x000001d69a16aae0, 0x000001d69a1690a0, 0x000001d69a16b170,
0x000001d69a169730, 0x000001d69bbb2080, 0x000001d69bbb5500, 0x000001d69bbb2710,
0x000001d69bbb2da0, 0x000001d69bbb3430, 0x000001d69bbb3ac0, 0x000001d69bbb47e0,
0x000001d69c75a270, 0x000001d69c756760
}

Java Threads: ( => current thread )
  0x000001d6def40610 JavaThread "main"                              [_thread_blocked, id=1772, stack(0x0000007eead00000,0x0000007eeae00000) (1024K)]
  0x000001d6f8d65940 JavaThread "Reference Handler"          daemon [_thread_blocked, id=1696, stack(0x0000007eeb500000,0x0000007eeb600000) (1024K)]
  0x000001d6f8d66760 JavaThread "Finalizer"                  daemon [_thread_blocked, id=5628, stack(0x0000007eeb600000,0x0000007eeb700000) (1024K)]
  0x000001d6f8d6a860 JavaThread "Signal Dispatcher"          daemon [_thread_blocked, id=6404, stack(0x0000007eeb700000,0x0000007eeb800000) (1024K)]
  0x000001d6f8d6b620 JavaThread "Attach Listener"            daemon [_thread_blocked, id=3636, stack(0x0000007eeb800000,0x0000007eeb900000) (1024K)]
  0x000001d6f8d6c080 JavaThread "Service Thread"             daemon [_thread_blocked, id=1768, stack(0x0000007eeb900000,0x0000007eeba00000) (1024K)]
  0x000001d6f8d74af0 JavaThread "Monitor Deflation Thread"   daemon [_thread_blocked, id=4764, stack(0x0000007eeba00000,0x0000007eebb00000) (1024K)]
=>0x000001d6991303c0 JavaThread "C2 CompilerThread0"         daemon [_thread_in_native, id=5104, stack(0x0000007eebb00000,0x0000007eebc00000) (1024K)]
  0x000001d6f8d7b580 JavaThread "C1 CompilerThread0"         daemon [_thread_blocked, id=5252, stack(0x0000007eebc00000,0x0000007eebd00000) (1024K)]
  0x000001d699265190 JavaThread "Common-Cleaner"             daemon [_thread_blocked, id=5692, stack(0x0000007eebd00000,0x0000007eebe00000) (1024K)]
  0x000001d6993a1060 JavaThread "Notification Thread"        daemon [_thread_blocked, id=7008, stack(0x0000007eebe00000,0x0000007eebf00000) (1024K)]
  0x000001d69ab707e0 JavaThread "Daemon health stats"               [_thread_blocked, id=5600, stack(0x0000007eec000000,0x0000007eec100000) (1024K)]
  0x000001d69ad67890 JavaThread "Incoming local TCP Connector on port 53111"        [_thread_in_native, id=5312, stack(0x0000007eec100000,0x0000007eec200000) (1024K)]
  0x000001d69ad1f6b0 JavaThread "Daemon periodic checks"            [_thread_blocked, id=6916, stack(0x0000007eec200000,0x0000007eec300000) (1024K)]
  0x000001d69ab211b0 JavaThread "Daemon"                            [_thread_blocked, id=7012, stack(0x0000007eec300000,0x0000007eec400000) (1024K)]
  0x000001d69ab21820 JavaThread "Handler for socket connection from /127.0.0.1:53111 to /127.0.0.1:53112"        [_thread_in_native, id=2172, stack(0x0000007eec400000,0x0000007eec500000) (1024K)]
  0x000001d69ab21e90 JavaThread "Cancel handler"                    [_thread_blocked, id=5512, stack(0x0000007eec500000,0x0000007eec600000) (1024K)]
  0x000001d69a960640 JavaThread "Daemon worker"                     [_thread_in_Java, id=4684, stack(0x0000007eec600000,0x0000007eec700000) (1024K)]
  0x000001d69a16b800 JavaThread "Asynchronous log dispatcher for DefaultDaemonConnection: socket connection from /127.0.0.1:53111 to /127.0.0.1:53112"        [_thread_blocked, id=1572, stack(0x0000007eec700000,0x0000007eec800000) (1024K)]
  0x000001d69a168a10 JavaThread "Daemon client event forwarder"        [_thread_blocked, id=3360, stack(0x0000007eec900000,0x0000007eeca00000) (1024K)]
  0x000001d69a16be90 JavaThread "Cache worker for journal cache (C:\Users\User\.gradle\caches\journal-1)"        [_thread_blocked, id=1832, stack(0x0000007eeca00000,0x0000007eecb00000) (1024K)]
  0x000001d69a16aae0 JavaThread "File lock request listener"        [_thread_in_native, id=3612, stack(0x0000007eecb00000,0x0000007eecc00000) (1024K)]
  0x000001d69a1690a0 JavaThread "Cache worker for file hash cache (C:\Users\User\.gradle\caches\8.8\fileHashes)"        [_thread_blocked, id=6424, stack(0x0000007eecc00000,0x0000007eecd00000) (1024K)]
  0x000001d69a16b170 JavaThread "Cache worker for file hash cache (C:\Users\User\Desktop\Kotlin\kotlin-course\.gradle\8.8\fileHashes)"        [_thread_blocked, id=1068, stack(0x0000007eecd00000,0x0000007eece00000) (1024K)]
  0x000001d69a169730 JavaThread "File watcher server"        daemon [_thread_in_native, id=3812, stack(0x0000007eece00000,0x0000007eecf00000) (1024K)]
  0x000001d69bbb2080 JavaThread "File watcher consumer"      daemon [_thread_blocked, id=3872, stack(0x0000007eecf00000,0x0000007eed000000) (1024K)]
  0x000001d69bbb5500 JavaThread "jar transforms"                    [_thread_blocked, id=6620, stack(0x0000007eed000000,0x0000007eed100000) (1024K)]
  0x000001d69bbb2710 JavaThread "jar transforms Thread 2"           [_thread_blocked, id=4940, stack(0x0000007eed100000,0x0000007eed200000) (1024K)]
  0x000001d69bbb2da0 JavaThread "Cache worker for checksums cache (C:\Users\User\Desktop\Kotlin\kotlin-course\.gradle\8.8\checksums)"        [_thread_blocked, id=5096, stack(0x0000007eed200000,0x0000007eed300000) (1024K)]
  0x000001d69bbb3430 JavaThread "Cache worker for file content cache (C:\Users\User\.gradle\caches\8.8\fileContent)"        [_thread_blocked, id=588, stack(0x0000007eed300000,0x0000007eed400000) (1024K)]
  0x000001d69bbb3ac0 JavaThread "Cache worker for cache directory md-rule (C:\Users\User\.gradle\caches\8.8\md-rule)"        [_thread_blocked, id=5624, stack(0x0000007eed400000,0x0000007eed500000) (1024K)]
  0x000001d69bbb47e0 JavaThread "Cache worker for cache directory md-supplier (C:\Users\User\.gradle\caches\8.8\md-supplier)"        [_thread_blocked, id=5804, stack(0x0000007eed500000,0x0000007eed600000) (1024K)]
  0x000001d69c75a270 JavaThread "Unconstrained build operations"        [_thread_blocked, id=1000, stack(0x0000007eed600000,0x0000007eed700000) (1024K)]
  0x000001d69c756760 JavaThread "Unconstrained build operations Thread 2"        [_thread_blocked, id=3620, stack(0x0000007eed700000,0x0000007eed800000) (1024K)]
Total: 34

Other Threads:
  0x000001d6f8d4cbe0 VMThread "VM Thread"                           [id=7040, stack(0x0000007eeb400000,0x0000007eeb500000) (1024K)]
  0x000001d6f8d347b0 WatcherThread "VM Periodic Task Thread"        [id=5080, stack(0x0000007eeb300000,0x0000007eeb400000) (1024K)]
  0x000001d6def6aa60 WorkerThread "GC Thread#0"                     [id=5780, stack(0x0000007eeae00000,0x0000007eeaf00000) (1024K)]
  0x000001d6993dbd70 WorkerThread "GC Thread#1"                     [id=6312, stack(0x0000007eebf00000,0x0000007eec000000) (1024K)]
  0x000001d6def70170 ConcurrentGCThread "G1 Main Marker"            [id=5116, stack(0x0000007eeaf00000,0x0000007eeb000000) (1024K)]
  0x000001d6def70b90 WorkerThread "G1 Conc#0"                       [id=5588, stack(0x0000007eeb000000,0x0000007eeb100000) (1024K)]
  0x000001d6f8c05770 ConcurrentGCThread "G1 Refine#0"               [id=1900, stack(0x0000007eeb100000,0x0000007eeb200000) (1024K)]
  0x000001d6f8c0f230 ConcurrentGCThread "G1 Service"                [id=3908, stack(0x0000007eeb200000,0x0000007eeb300000) (1024K)]
Total: 8

Threads with active compile tasks:
C2 CompilerThread0  177414 10256       4       org.objectweb.asm.ClassWriter::toByteArray (1535 bytes)
Total: 1

VM state: not at safepoint (normal execution)

VM Mutex/Monitor currently owned by a thread: None

Heap address: 0x00000000e0000000, size: 512 MB, Compressed Oops mode: 32-bit

CDS archive(s) mapped at: [0x000001d680000000-0x000001d680c60000-0x000001d680c60000), size 12976128, SharedBaseAddress: 0x000001d680000000, ArchiveRelocationMode: 1.
Compressed class space mapped at: 0x000001d681000000-0x000001d695000000, reserved size: 335544320
Narrow klass base: 0x000001d680000000, Narrow klass shift: 0, Narrow klass range: 0x15000000

GC Precious Log:
 CardTable entry size: 512
 Card Set container configuration: InlinePtr #cards 5 size 8 Array Of Cards #cards 12 size 40 Howl #buckets 4 coarsen threshold 1843 Howl Bitmap #cards 512 size 80 coarsen threshold 460 Card regions per heap region 1 cards per card region 2048
 CPUs: 2 total, 2 available
 Memory: 1935M
 Large Page Support: Disabled
 NUMA Support: Disabled
 Compressed Oops: Enabled (32-bit)
 Heap Region Size: 1M
 Heap Min Capacity: 256M
 Heap Initial Capacity: 256M
 Heap Max Capacity: 512M
 Pre-touch: Disabled
 Parallel Workers: 2
 Concurrent Workers: 1
 Concurrent Refinement Workers: 2
 Periodic GC: Disabled

Heap:
 garbage-first heap   total reserved 524288K, committed 262144K, used 153223K [0x00000000e0000000, 0x0000000100000000)
  region size 1024K, 73 young (74752K), 11 survivors (11264K)
 Metaspace       used 53487K, committed 55168K, reserved 393216K
  class space    used 7519K, committed 8256K, reserved 327680K

Heap Regions: E=young(eden), S=young(survivor), O=old, HS=humongous(starts), HC=humongous(continues), CS=collection set, F=free, TAMS=top-at-mark-start, PB=parsable bottom
|   0|0x00000000e0000000, 0x00000000e0100000, 0x00000000e0100000|100%|HS|  |TAMS 0x00000000e0000000| PB 0x00000000e0000000| Complete |  0
|   1|0x00000000e0100000, 0x00000000e0200000, 0x00000000e0200000|100%|HC|  |TAMS 0x00000000e0100000| PB 0x00000000e0100000| Complete |  0
|   2|0x00000000e0200000, 0x00000000e0300000, 0x00000000e0300000|100%|HC|  |TAMS 0x00000000e0200000| PB 0x00000000e0200000| Complete |  0
|   3|0x00000000e0300000, 0x00000000e0400000, 0x00000000e0400000|100%|HC|  |TAMS 0x00000000e0300000| PB 0x00000000e0300000| Complete |  0
|   4|0x00000000e0400000, 0x00000000e0500000, 0x00000000e0500000|100%| O|  |TAMS 0x00000000e0400000| PB 0x00000000e0400000| Untracked |  0
|   5|0x00000000e0500000, 0x00000000e0600000, 0x00000000e0600000|100%| O|  |TAMS 0x00000000e0500000| PB 0x00000000e0500000| Untracked |  0
|   6|0x00000000e0600000, 0x00000000e0700000, 0x00000000e0700000|100%| O|  |TAMS 0x00000000e0600000| PB 0x00000000e0600000| Untracked |  0
|   7|0x00000000e0700000, 0x00000000e0800000, 0x00000000e0800000|100%| O|  |TAMS 0x00000000e0700000| PB 0x00000000e0700000| Untracked |  0
|   8|0x00000000e0800000, 0x00000000e0900000, 0x00000000e0900000|100%| O|  |TAMS 0x00000000e0800000| PB 0x00000000e0800000| Untracked |  0
|   9|0x00000000e0900000, 0x00000000e0a00000, 0x00000000e0a00000|100%| O|  |TAMS 0x00000000e0900000| PB 0x00000000e0900000| Untracked |  0
|  10|0x00000000e0a00000, 0x00000000e0b00000, 0x00000000e0b00000|100%|HS|  |TAMS 0x00000000e0a00000| PB 0x00000000e0a00000| Complete |  0
|  11|0x00000000e0b00000, 0x00000000e0c00000, 0x00000000e0c00000|100%| O|  |TAMS 0x00000000e0b00000| PB 0x00000000e0b00000| Untracked |  0
|  12|0x00000000e0c00000, 0x00000000e0d00000, 0x00000000e0d00000|100%| O|  |TAMS 0x00000000e0c00000| PB 0x00000000e0c00000| Untracked |  0
|  13|0x00000000e0d00000, 0x00000000e0e00000, 0x00000000e0e00000|100%| O|  |TAMS 0x00000000e0d00000| PB 0x00000000e0d00000| Untracked |  0
|  14|0x00000000e0e00000, 0x00000000e0f00000, 0x00000000e0f00000|100%| O|  |TAMS 0x00000000e0e00000| PB 0x00000000e0e00000| Untracked |  0
|  15|0x00000000e0f00000, 0x00000000e1000000, 0x00000000e1000000|100%| O|  |TAMS 0x00000000e0f00000| PB 0x00000000e0f00000| Untracked |  0
|  16|0x00000000e1000000, 0x00000000e1100000, 0x00000000e1100000|100%| O|  |TAMS 0x00000000e1000000| PB 0x00000000e1000000| Untracked |  0
|  17|0x00000000e1100000, 0x00000000e1200000, 0x00000000e1200000|100%| O|  |TAMS 0x00000000e1100000| PB 0x00000000e1100000| Untracked |  0
|  18|0x00000000e1200000, 0x00000000e1300000, 0x00000000e1300000|100%| O|  |TAMS 0x00000000e1200000| PB 0x00000000e1200000| Untracked |  0
|  19|0x00000000e1300000, 0x00000000e1400000, 0x00000000e1400000|100%| O|  |TAMS 0x00000000e1300000| PB 0x00000000e1300000| Untracked |  0
|  20|0x00000000e1400000, 0x00000000e1500000, 0x00000000e1500000|100%| O|  |TAMS 0x00000000e1400000| PB 0x00000000e1400000| Untracked |  0
|  21|0x00000000e1500000, 0x00000000e1600000, 0x00000000e1600000|100%| O|  |TAMS 0x00000000e1500000| PB 0x00000000e1500000| Untracked |  0
|  22|0x00000000e1600000, 0x00000000e1700000, 0x00000000e1700000|100%| O|  |TAMS 0x00000000e1600000| PB 0x00000000e1600000| Untracked |  0
|  23|0x00000000e1700000, 0x00000000e1800000, 0x00000000e1800000|100%|HS|  |TAMS 0x00000000e1700000| PB 0x00000000e1700000| Complete |  0
|  24|0x00000000e1800000, 0x00000000e1900000, 0x00000000e1900000|100%|HC|  |TAMS 0x00000000e1800000| PB 0x00000000e1800000| Complete |  0
|  25|0x00000000e1900000, 0x00000000e1a00000, 0x00000000e1a00000|100%|HC|  |TAMS 0x00000000e1900000| PB 0x00000000e1900000| Complete |  0
|  26|0x00000000e1a00000, 0x00000000e1b00000, 0x00000000e1b00000|100%|HC|  |TAMS 0x00000000e1a00000| PB 0x00000000e1a00000| Complete |  0
|  27|0x00000000e1b00000, 0x00000000e1c00000, 0x00000000e1c00000|100%|HC|  |TAMS 0x00000000e1b00000| PB 0x00000000e1b00000| Complete |  0
|  28|0x00000000e1c00000, 0x00000000e1d00000, 0x00000000e1d00000|100%|HS|  |TAMS 0x00000000e1c00000| PB 0x00000000e1c00000| Complete |  0
|  29|0x00000000e1d00000, 0x00000000e1e00000, 0x00000000e1e00000|100%|HC|  |TAMS 0x00000000e1d00000| PB 0x00000000e1d00000| Complete |  0
|  30|0x00000000e1e00000, 0x00000000e1f00000, 0x00000000e1f00000|100%|HC|  |TAMS 0x00000000e1e00000| PB 0x00000000e1e00000| Complete |  0
|  31|0x00000000e1f00000, 0x00000000e2000000, 0x00000000e2000000|100%|HS|  |TAMS 0x00000000e1f00000| PB 0x00000000e1f00000| Complete |  0
|  32|0x00000000e2000000, 0x00000000e2100000, 0x00000000e2100000|100%|HC|  |TAMS 0x00000000e2000000| PB 0x00000000e2000000| Complete |  0
|  33|0x00000000e2100000, 0x00000000e2200000, 0x00000000e2200000|100%|HS|  |TAMS 0x00000000e2100000| PB 0x00000000e2100000| Complete |  0
|  34|0x00000000e2200000, 0x00000000e2300000, 0x00000000e2300000|100%| O|  |TAMS 0x00000000e2200000| PB 0x00000000e2200000| Untracked |  0
|  35|0x00000000e2300000, 0x00000000e2400000, 0x00000000e2400000|100%| O|  |TAMS 0x00000000e2300000| PB 0x00000000e2300000| Untracked |  0
|  36|0x00000000e2400000, 0x00000000e24a1cb0, 0x00000000e2500000| 63%| O|  |TAMS 0x00000000e2400000| PB 0x00000000e2400000| Untracked |  0
|  37|0x00000000e2500000, 0x00000000e2600000, 0x00000000e2600000|100%| O|  |TAMS 0x00000000e2500000| PB 0x00000000e2500000| Untracked |  0
|  38|0x00000000e2600000, 0x00000000e2700000, 0x00000000e2700000|100%| O|  |TAMS 0x00000000e2600000| PB 0x00000000e2600000| Untracked |  0
|  39|0x00000000e2700000, 0x00000000e2800000, 0x00000000e2800000|100%| O|  |TAMS 0x00000000e2700000| PB 0x00000000e2700000| Untracked |  0
|  40|0x00000000e2800000, 0x00000000e2900000, 0x00000000e2900000|100%| O|  |TAMS 0x00000000e2800000| PB 0x00000000e2800000| Untracked |  0
|  41|0x00000000e2900000, 0x00000000e2a00000, 0x00000000e2a00000|100%| O|  |TAMS 0x00000000e2900000| PB 0x00000000e2900000| Untracked |  0
|  42|0x00000000e2a00000, 0x00000000e2b00000, 0x00000000e2b00000|100%| O|  |TAMS 0x00000000e2a00000| PB 0x00000000e2a00000| Untracked |  0
|  43|0x00000000e2b00000, 0x00000000e2c00000, 0x00000000e2c00000|100%| O|  |TAMS 0x00000000e2b00000| PB 0x00000000e2b00000| Untracked |  0
|  44|0x00000000e2c00000, 0x00000000e2d00000, 0x00000000e2d00000|100%| O|  |TAMS 0x00000000e2c00000| PB 0x00000000e2c00000| Untracked |  0
|  45|0x00000000e2d00000, 0x00000000e2e00000, 0x00000000e2e00000|100%| O|  |TAMS 0x00000000e2d00000| PB 0x00000000e2d00000| Untracked |  0
|  46|0x00000000e2e00000, 0x00000000e2f00000, 0x00000000e2f00000|100%| O|  |TAMS 0x00000000e2e00000| PB 0x00000000e2e00000| Untracked |  0
|  47|0x00000000e2f00000, 0x00000000e3000000, 0x00000000e3000000|100%| O|  |TAMS 0x00000000e2f00000| PB 0x00000000e2f00000| Untracked |  0
|  48|0x00000000e3000000, 0x00000000e3100000, 0x00000000e3100000|100%| O|  |TAMS 0x00000000e3000000| PB 0x00000000e3000000| Untracked |  0
|  49|0x00000000e3100000, 0x00000000e3200000, 0x00000000e3200000|100%| O|  |TAMS 0x00000000e3100000| PB 0x00000000e3100000| Untracked |  0
|  50|0x00000000e3200000, 0x00000000e3300000, 0x00000000e3300000|100%| O|  |TAMS 0x00000000e3200000| PB 0x00000000e3200000| Untracked |  0
|  51|0x00000000e3300000, 0x00000000e3400000, 0x00000000e3400000|100%| O|  |TAMS 0x00000000e3300000| PB 0x00000000e3300000| Untracked |  0
|  52|0x00000000e3400000, 0x00000000e3500000, 0x00000000e3500000|100%| O|  |TAMS 0x00000000e3400000| PB 0x00000000e3400000| Untracked |  0
|  53|0x00000000e3500000, 0x00000000e3600000, 0x00000000e3600000|100%| O|  |TAMS 0x00000000e3500000| PB 0x00000000e3500000| Untracked |  0
|  54|0x00000000e3600000, 0x00000000e3700000, 0x00000000e3700000|100%| O|  |TAMS 0x00000000e3600000| PB 0x00000000e3600000| Untracked |  0
|  55|0x00000000e3700000, 0x00000000e3800000, 0x00000000e3800000|100%| O|  |TAMS 0x00000000e3700000| PB 0x00000000e3700000| Untracked |  0
|  56|0x00000000e3800000, 0x00000000e3900000, 0x00000000e3900000|100%| O|  |TAMS 0x00000000e3800000| PB 0x00000000e3800000| Untracked |  0
|  57|0x00000000e3900000, 0x00000000e3a00000, 0x00000000e3a00000|100%| O|  |TAMS 0x00000000e3900000| PB 0x00000000e3900000| Untracked |  0
|  58|0x00000000e3a00000, 0x00000000e3b00000, 0x00000000e3b00000|100%| O|  |TAMS 0x00000000e3a00000| PB 0x00000000e3a00000| Untracked |  0
|  59|0x00000000e3b00000, 0x00000000e3c00000, 0x00000000e3c00000|100%|HS|  |TAMS 0x00000000e3b00000| PB 0x00000000e3b00000| Complete |  0
|  60|0x00000000e3c00000, 0x00000000e3d00000, 0x00000000e3d00000|100%|HC|  |TAMS 0x00000000e3c00000| PB 0x00000000e3c00000| Complete |  0
|  61|0x00000000e3d00000, 0x00000000e3e00000, 0x00000000e3e00000|100%| O|  |TAMS 0x00000000e3d00000| PB 0x00000000e3d00000| Untracked |  0
|  62|0x00000000e3e00000, 0x00000000e3f00000, 0x00000000e3f00000|100%| O|  |TAMS 0x00000000e3e00000| PB 0x00000000e3e00000| Untracked |  0
|  63|0x00000000e3f00000, 0x00000000e4000000, 0x00000000e4000000|100%| O|Cm|TAMS 0x00000000e3f00000| PB 0x00000000e3f00000| Complete |  0
|  64|0x00000000e4000000, 0x00000000e4100000, 0x00000000e4100000|100%|HS|  |TAMS 0x00000000e4000000| PB 0x00000000e4000000| Complete |  0
|  65|0x00000000e4100000, 0x00000000e4200000, 0x00000000e4200000|100%|HC|  |TAMS 0x00000000e4100000| PB 0x00000000e4100000| Complete |  0
|  66|0x00000000e4200000, 0x00000000e4300000, 0x00000000e4300000|100%|HC|  |TAMS 0x00000000e4200000| PB 0x00000000e4200000| Complete |  0
|  67|0x00000000e4300000, 0x00000000e4400000, 0x00000000e4400000|100%|HC|  |TAMS 0x00000000e4300000| PB 0x00000000e4300000| Complete |  0
|  68|0x00000000e4400000, 0x00000000e4500000, 0x00000000e4500000|100%|HC|  |TAMS 0x00000000e4400000| PB 0x00000000e4400000| Complete |  0
|  69|0x00000000e4500000, 0x00000000e4600000, 0x00000000e4600000|100%|HS|  |TAMS 0x00000000e4500000| PB 0x00000000e4500000| Complete |  0
|  70|0x00000000e4600000, 0x00000000e4700000, 0x00000000e4700000|100%|HC|  |TAMS 0x00000000e4600000| PB 0x00000000e4600000| Complete |  0
|  71|0x00000000e4700000, 0x00000000e4800000, 0x00000000e4800000|100%|HC|  |TAMS 0x00000000e4700000| PB 0x00000000e4700000| Complete |  0
|  72|0x00000000e4800000, 0x00000000e4900000, 0x00000000e4900000|100%|HC|  |TAMS 0x00000000e4800000| PB 0x00000000e4800000| Complete |  0
|  73|0x00000000e4900000, 0x00000000e4a00000, 0x00000000e4a00000|100%|HC|  |TAMS 0x00000000e4900000| PB 0x00000000e4900000| Complete |  0
|  74|0x00000000e4a00000, 0x00000000e4b00000, 0x00000000e4b00000|100%| O|  |TAMS 0x00000000e4a00000| PB 0x00000000e4a00000| Untracked |  0
|  75|0x00000000e4b00000, 0x00000000e4c00000, 0x00000000e4c00000|100%| O|  |TAMS 0x00000000e4b00000| PB 0x00000000e4b00000| Untracked |  0
|  76|0x00000000e4c00000, 0x00000000e4d00000, 0x00000000e4d00000|100%| O|  |TAMS 0x00000000e4c00000| PB 0x00000000e4c00000| Untracked |  0
|  77|0x00000000e4d00000, 0x00000000e4e00000, 0x00000000e4e00000|100%| O|  |TAMS 0x00000000e4d00000| PB 0x00000000e4d00000| Untracked |  0
|  78|0x00000000e4e00000, 0x00000000e4e00000, 0x00000000e4f00000|  0%| F|  |TAMS 0x00000000e4e00000| PB 0x00000000e4e00000| Untracked |  0
|  79|0x00000000e4f00000, 0x00000000e4f00000, 0x00000000e5000000|  0%| F|  |TAMS 0x00000000e4f00000| PB 0x00000000e4f00000| Untracked |  0
|  80|0x00000000e5000000, 0x00000000e5000000, 0x00000000e5100000|  0%| F|  |TAMS 0x00000000e5000000| PB 0x00000000e5000000| Untracked |  0
|  81|0x00000000e5100000, 0x00000000e5100000, 0x00000000e5200000|  0%| F|  |TAMS 0x00000000e5100000| PB 0x00000000e5100000| Untracked |  0
|  82|0x00000000e5200000, 0x00000000e5200000, 0x00000000e5300000|  0%| F|  |TAMS 0x00000000e5200000| PB 0x00000000e5200000| Untracked |  0
|  83|0x00000000e5300000, 0x00000000e5300000, 0x00000000e5400000|  0%| F|  |TAMS 0x00000000e5300000| PB 0x00000000e5300000| Untracked |  0
|  84|0x00000000e5400000, 0x00000000e5400000, 0x00000000e5500000|  0%| F|  |TAMS 0x00000000e5400000| PB 0x00000000e5400000| Untracked |  0
|  85|0x00000000e5500000, 0x00000000e5500000, 0x00000000e5600000|  0%| F|  |TAMS 0x00000000e5500000| PB 0x00000000e5500000| Untracked |  0
|  86|0x00000000e5600000, 0x00000000e5600000, 0x00000000e5700000|  0%| F|  |TAMS 0x00000000e5600000| PB 0x00000000e5600000| Untracked |  0
|  87|0x00000000e5700000, 0x00000000e5700000, 0x00000000e5800000|  0%| F|  |TAMS 0x00000000e5700000| PB 0x00000000e5700000| Untracked |  0
|  88|0x00000000e5800000, 0x00000000e5800000, 0x00000000e5900000|  0%| F|  |TAMS 0x00000000e5800000| PB 0x00000000e5800000| Untracked |  0
|  89|0x00000000e5900000, 0x00000000e5900000, 0x00000000e5a00000|  0%| F|  |TAMS 0x00000000e5900000| PB 0x00000000e5900000| Untracked |  0
|  90|0x00000000e5a00000, 0x00000000e5a00000, 0x00000000e5b00000|  0%| F|  |TAMS 0x00000000e5a00000| PB 0x00000000e5a00000| Untracked |  0
|  91|0x00000000e5b00000, 0x00000000e5b00000, 0x00000000e5c00000|  0%| F|  |TAMS 0x00000000e5b00000| PB 0x00000000e5b00000| Untracked |  0
|  92|0x00000000e5c00000, 0x00000000e5c00000, 0x00000000e5d00000|  0%| F|  |TAMS 0x00000000e5c00000| PB 0x00000000e5c00000| Untracked |  0
|  93|0x00000000e5d00000, 0x00000000e5d00000, 0x00000000e5e00000|  0%| F|  |TAMS 0x00000000e5d00000| PB 0x00000000e5d00000| Untracked |  0
|  94|0x00000000e5e00000, 0x00000000e5f00000, 0x00000000e5f00000|100%| S|CS|TAMS 0x00000000e5e00000| PB 0x00000000e5e00000| Complete |  0
|  95|0x00000000e5f00000, 0x00000000e6000000, 0x00000000e6000000|100%| S|CS|TAMS 0x00000000e5f00000| PB 0x00000000e5f00000| Complete |  0
|  96|0x00000000e6000000, 0x00000000e6100000, 0x00000000e6100000|100%| S|CS|TAMS 0x00000000e6000000| PB 0x00000000e6000000| Complete |  0
|  97|0x00000000e6100000, 0x00000000e6200000, 0x00000000e6200000|100%| S|CS|TAMS 0x00000000e6100000| PB 0x00000000e6100000| Complete |  0
|  98|0x00000000e6200000, 0x00000000e6300000, 0x00000000e6300000|100%| S|CS|TAMS 0x00000000e6200000| PB 0x00000000e6200000| Complete |  0
|  99|0x00000000e6300000, 0x00000000e6400000, 0x00000000e6400000|100%| S|CS|TAMS 0x00000000e6300000| PB 0x00000000e6300000| Complete |  0
| 100|0x00000000e6400000, 0x00000000e6400000, 0x00000000e6500000|  0%| F|  |TAMS 0x00000000e6400000| PB 0x00000000e6400000| Untracked |  0
| 101|0x00000000e6500000, 0x00000000e6600000, 0x00000000e6600000|100%| S|CS|TAMS 0x00000000e6500000| PB 0x00000000e6500000| Complete |  0
| 102|0x00000000e6600000, 0x00000000e6600000, 0x00000000e6700000|  0%| F|  |TAMS 0x00000000e6600000| PB 0x00000000e6600000| Untracked |  0
| 103|0x00000000e6700000, 0x00000000e6700000, 0x00000000e6800000|  0%| F|  |TAMS 0x00000000e6700000| PB 0x00000000e6700000| Untracked |  0
| 104|0x00000000e6800000, 0x00000000e6800000, 0x00000000e6900000|  0%| F|  |TAMS 0x00000000e6800000| PB 0x00000000e6800000| Untracked |  0
| 105|0x00000000e6900000, 0x00000000e6900000, 0x00000000e6a00000|  0%| F|  |TAMS 0x00000000e6900000| PB 0x00000000e6900000| Untracked |  0
| 106|0x00000000e6a00000, 0x00000000e6a00000, 0x00000000e6b00000|  0%| F|  |TAMS 0x00000000e6a00000| PB 0x00000000e6a00000| Untracked |  0
| 107|0x00000000e6b00000, 0x00000000e6b00000, 0x00000000e6c00000|  0%| F|  |TAMS 0x00000000e6b00000| PB 0x00000000e6b00000| Untracked |  0
| 108|0x00000000e6c00000, 0x00000000e6c00000, 0x00000000e6d00000|  0%| F|  |TAMS 0x00000000e6c00000| PB 0x00000000e6c00000| Untracked |  0
| 109|0x00000000e6d00000, 0x00000000e6d00000, 0x00000000e6e00000|  0%| F|  |TAMS 0x00000000e6d00000| PB 0x00000000e6d00000| Untracked |  0
| 110|0x00000000e6e00000, 0x00000000e6f00000, 0x00000000e6f00000|100%| S|CS|TAMS 0x00000000e6e00000| PB 0x00000000e6e00000| Complete |  0
| 111|0x00000000e6f00000, 0x00000000e7000000, 0x00000000e7000000|100%| S|CS|TAMS 0x00000000e6f00000| PB 0x00000000e6f00000| Complete |  0
| 112|0x00000000e7000000, 0x00000000e7100000, 0x00000000e7100000|100%| S|CS|TAMS 0x00000000e7000000| PB 0x00000000e7000000| Complete |  0
| 113|0x00000000e7100000, 0x00000000e7200000, 0x00000000e7200000|100%| S|CS|TAMS 0x00000000e7100000| PB 0x00000000e7100000| Complete |  0
| 114|0x00000000e7200000, 0x00000000e7200000, 0x00000000e7300000|  0%| F|  |TAMS 0x00000000e7200000| PB 0x00000000e7200000| Untracked |  0
| 115|0x00000000e7300000, 0x00000000e7300000, 0x00000000e7400000|  0%| F|  |TAMS 0x00000000e7300000| PB 0x00000000e7300000| Untracked |  0
| 116|0x00000000e7400000, 0x00000000e7400000, 0x00000000e7500000|  0%| F|  |TAMS 0x00000000e7400000| PB 0x00000000e7400000| Untracked |  0
| 117|0x00000000e7500000, 0x00000000e7500000, 0x00000000e7600000|  0%| F|  |TAMS 0x00000000e7500000| PB 0x00000000e7500000| Untracked |  0
| 118|0x00000000e7600000, 0x00000000e7600000, 0x00000000e7700000|  0%| F|  |TAMS 0x00000000e7600000| PB 0x00000000e7600000| Untracked |  0
| 119|0x00000000e7700000, 0x00000000e7700000, 0x00000000e7800000|  0%| F|  |TAMS 0x00000000e7700000| PB 0x00000000e7700000| Untracked |  0
| 120|0x00000000e7800000, 0x00000000e7800000, 0x00000000e7900000|  0%| F|  |TAMS 0x00000000e7800000| PB 0x00000000e7800000| Untracked |  0
| 121|0x00000000e7900000, 0x00000000e7900000, 0x00000000e7a00000|  0%| F|  |TAMS 0x00000000e7900000| PB 0x00000000e7900000| Untracked |  0
| 122|0x00000000e7a00000, 0x00000000e7a00000, 0x00000000e7b00000|  0%| F|  |TAMS 0x00000000e7a00000| PB 0x00000000e7a00000| Untracked |  0
| 123|0x00000000e7b00000, 0x00000000e7b00000, 0x00000000e7c00000|  0%| F|  |TAMS 0x00000000e7b00000| PB 0x00000000e7b00000| Untracked |  0
| 124|0x00000000e7c00000, 0x00000000e7c00000, 0x00000000e7d00000|  0%| F|  |TAMS 0x00000000e7c00000| PB 0x00000000e7c00000| Untracked |  0
| 125|0x00000000e7d00000, 0x00000000e7d00000, 0x00000000e7e00000|  0%| F|  |TAMS 0x00000000e7d00000| PB 0x00000000e7d00000| Untracked |  0
| 126|0x00000000e7e00000, 0x00000000e7e00000, 0x00000000e7f00000|  0%| F|  |TAMS 0x00000000e7e00000| PB 0x00000000e7e00000| Untracked |  0
| 127|0x00000000e7f00000, 0x00000000e7f00000, 0x00000000e8000000|  0%| F|  |TAMS 0x00000000e7f00000| PB 0x00000000e7f00000| Untracked |  0
| 128|0x00000000e8000000, 0x00000000e8000000, 0x00000000e8100000|  0%| F|  |TAMS 0x00000000e8000000| PB 0x00000000e8000000| Untracked |  0
| 129|0x00000000e8100000, 0x00000000e8100000, 0x00000000e8200000|  0%| F|  |TAMS 0x00000000e8100000| PB 0x00000000e8100000| Untracked |  0
| 130|0x00000000e8200000, 0x00000000e8200000, 0x00000000e8300000|  0%| F|  |TAMS 0x00000000e8200000| PB 0x00000000e8200000| Untracked |  0
| 131|0x00000000e8300000, 0x00000000e8300000, 0x00000000e8400000|  0%| F|  |TAMS 0x00000000e8300000| PB 0x00000000e8300000| Untracked |  0
| 132|0x00000000e8400000, 0x00000000e8400000, 0x00000000e8500000|  0%| F|  |TAMS 0x00000000e8400000| PB 0x00000000e8400000| Untracked |  0
| 133|0x00000000e8500000, 0x00000000e8500000, 0x00000000e8600000|  0%| F|  |TAMS 0x00000000e8500000| PB 0x00000000e8500000| Untracked |  0
| 134|0x00000000e8600000, 0x00000000e8600000, 0x00000000e8700000|  0%| F|  |TAMS 0x00000000e8600000| PB 0x00000000e8600000| Untracked |  0
| 135|0x00000000e8700000, 0x00000000e8700000, 0x00000000e8800000|  0%| F|  |TAMS 0x00000000e8700000| PB 0x00000000e8700000| Untracked |  0
| 136|0x00000000e8800000, 0x00000000e8800000, 0x00000000e8900000|  0%| F|  |TAMS 0x00000000e8800000| PB 0x00000000e8800000| Untracked |  0
| 137|0x00000000e8900000, 0x00000000e8900000, 0x00000000e8a00000|  0%| F|  |TAMS 0x00000000e8900000| PB 0x00000000e8900000| Untracked |  0
| 138|0x00000000e8a00000, 0x00000000e8a00000, 0x00000000e8b00000|  0%| F|  |TAMS 0x00000000e8a00000| PB 0x00000000e8a00000| Untracked |  0
| 139|0x00000000e8b00000, 0x00000000e8b00000, 0x00000000e8c00000|  0%| F|  |TAMS 0x00000000e8b00000| PB 0x00000000e8b00000| Untracked |  0
| 140|0x00000000e8c00000, 0x00000000e8c00000, 0x00000000e8d00000|  0%| F|  |TAMS 0x00000000e8c00000| PB 0x00000000e8c00000| Untracked |  0
| 141|0x00000000e8d00000, 0x00000000e8d00000, 0x00000000e8e00000|  0%| F|  |TAMS 0x00000000e8d00000| PB 0x00000000e8d00000| Untracked |  0
| 142|0x00000000e8e00000, 0x00000000e8e00000, 0x00000000e8f00000|  0%| F|  |TAMS 0x00000000e8e00000| PB 0x00000000e8e00000| Untracked |  0
| 143|0x00000000e8f00000, 0x00000000e8f00000, 0x00000000e9000000|  0%| F|  |TAMS 0x00000000e8f00000| PB 0x00000000e8f00000| Untracked |  0
| 144|0x00000000e9000000, 0x00000000e9000000, 0x00000000e9100000|  0%| F|  |TAMS 0x00000000e9000000| PB 0x00000000e9000000| Untracked |  0
| 145|0x00000000e9100000, 0x00000000e9100000, 0x00000000e9200000|  0%| F|  |TAMS 0x00000000e9100000| PB 0x00000000e9100000| Untracked |  0
| 146|0x00000000e9200000, 0x00000000e9200000, 0x00000000e9300000|  0%| F|  |TAMS 0x00000000e9200000| PB 0x00000000e9200000| Untracked |  0
| 147|0x00000000e9300000, 0x00000000e9300000, 0x00000000e9400000|  0%| F|  |TAMS 0x00000000e9300000| PB 0x00000000e9300000| Untracked |  0
| 148|0x00000000e9400000, 0x00000000e9400000, 0x00000000e9500000|  0%| F|  |TAMS 0x00000000e9400000| PB 0x00000000e9400000| Untracked |  0
| 149|0x00000000e9500000, 0x00000000e9500000, 0x00000000e9600000|  0%| F|  |TAMS 0x00000000e9500000| PB 0x00000000e9500000| Untracked |  0
| 150|0x00000000e9600000, 0x00000000e9600000, 0x00000000e9700000|  0%| F|  |TAMS 0x00000000e9600000| PB 0x00000000e9600000| Untracked |  0
| 151|0x00000000e9700000, 0x00000000e9700000, 0x00000000e9800000|  0%| F|  |TAMS 0x00000000e9700000| PB 0x00000000e9700000| Untracked |  0
| 152|0x00000000e9800000, 0x00000000e9800000, 0x00000000e9900000|  0%| F|  |TAMS 0x00000000e9800000| PB 0x00000000e9800000| Untracked |  0
| 153|0x00000000e9900000, 0x00000000e9900000, 0x00000000e9a00000|  0%| F|  |TAMS 0x00000000e9900000| PB 0x00000000e9900000| Untracked |  0
| 154|0x00000000e9a00000, 0x00000000e9a00000, 0x00000000e9b00000|  0%| F|  |TAMS 0x00000000e9a00000| PB 0x00000000e9a00000| Untracked |  0
| 155|0x00000000e9b00000, 0x00000000e9b00000, 0x00000000e9c00000|  0%| F|  |TAMS 0x00000000e9b00000| PB 0x00000000e9b00000| Untracked |  0
| 156|0x00000000e9c00000, 0x00000000e9c00000, 0x00000000e9d00000|  0%| F|  |TAMS 0x00000000e9c00000| PB 0x00000000e9c00000| Untracked |  0
| 157|0x00000000e9d00000, 0x00000000e9d00000, 0x00000000e9e00000|  0%| F|  |TAMS 0x00000000e9d00000| PB 0x00000000e9d00000| Untracked |  0
| 158|0x00000000e9e00000, 0x00000000e9e00000, 0x00000000e9f00000|  0%| F|  |TAMS 0x00000000e9e00000| PB 0x00000000e9e00000| Untracked |  0
| 159|0x00000000e9f00000, 0x00000000e9f00000, 0x00000000ea000000|  0%| F|  |TAMS 0x00000000e9f00000| PB 0x00000000e9f00000| Untracked |  0
| 160|0x00000000ea000000, 0x00000000ea000000, 0x00000000ea100000|  0%| F|  |TAMS 0x00000000ea000000| PB 0x00000000ea000000| Untracked |  0
| 161|0x00000000ea100000, 0x00000000ea100000, 0x00000000ea200000|  0%| F|  |TAMS 0x00000000ea100000| PB 0x00000000ea100000| Untracked |  0
| 162|0x00000000ea200000, 0x00000000ea200000, 0x00000000ea300000|  0%| F|  |TAMS 0x00000000ea200000| PB 0x00000000ea200000| Untracked |  0
| 163|0x00000000ea300000, 0x00000000ea300000, 0x00000000ea400000|  0%| F|  |TAMS 0x00000000ea300000| PB 0x00000000ea300000| Untracked |  0
| 164|0x00000000ea400000, 0x00000000ea400000, 0x00000000ea500000|  0%| F|  |TAMS 0x00000000ea400000| PB 0x00000000ea400000| Untracked |  0
| 165|0x00000000ea500000, 0x00000000ea500000, 0x00000000ea600000|  0%| F|  |TAMS 0x00000000ea500000| PB 0x00000000ea500000| Untracked |  0
| 166|0x00000000ea600000, 0x00000000ea600000, 0x00000000ea700000|  0%| F|  |TAMS 0x00000000ea600000| PB 0x00000000ea600000| Untracked |  0
| 167|0x00000000ea700000, 0x00000000ea700000, 0x00000000ea800000|  0%| F|  |TAMS 0x00000000ea700000| PB 0x00000000ea700000| Untracked |  0
| 168|0x00000000ea800000, 0x00000000ea800000, 0x00000000ea900000|  0%| F|  |TAMS 0x00000000ea800000| PB 0x00000000ea800000| Untracked |  0
| 169|0x00000000ea900000, 0x00000000ea900000, 0x00000000eaa00000|  0%| F|  |TAMS 0x00000000ea900000| PB 0x00000000ea900000| Untracked |  0
| 170|0x00000000eaa00000, 0x00000000eaa00000, 0x00000000eab00000|  0%| F|  |TAMS 0x00000000eaa00000| PB 0x00000000eaa00000| Untracked |  0
| 171|0x00000000eab00000, 0x00000000eab00000, 0x00000000eac00000|  0%| F|  |TAMS 0x00000000eab00000| PB 0x00000000eab00000| Untracked |  0
| 172|0x00000000eac00000, 0x00000000eac00000, 0x00000000ead00000|  0%| F|  |TAMS 0x00000000eac00000| PB 0x00000000eac00000| Untracked |  0
| 173|0x00000000ead00000, 0x00000000ead00000, 0x00000000eae00000|  0%| F|  |TAMS 0x00000000ead00000| PB 0x00000000ead00000| Untracked |  0
| 174|0x00000000eae00000, 0x00000000eae00000, 0x00000000eaf00000|  0%| F|  |TAMS 0x00000000eae00000| PB 0x00000000eae00000| Untracked |  0
| 175|0x00000000eaf00000, 0x00000000eaf00000, 0x00000000eb000000|  0%| F|  |TAMS 0x00000000eaf00000| PB 0x00000000eaf00000| Untracked |  0
| 176|0x00000000eb000000, 0x00000000eb000000, 0x00000000eb100000|  0%| F|  |TAMS 0x00000000eb000000| PB 0x00000000eb000000| Untracked |  0
| 177|0x00000000eb100000, 0x00000000eb100000, 0x00000000eb200000|  0%| F|  |TAMS 0x00000000eb100000| PB 0x00000000eb100000| Untracked |  0
| 178|0x00000000eb200000, 0x00000000eb200000, 0x00000000eb300000|  0%| F|  |TAMS 0x00000000eb200000| PB 0x00000000eb200000| Untracked |  0
| 179|0x00000000eb300000, 0x00000000eb300000, 0x00000000eb400000|  0%| F|  |TAMS 0x00000000eb300000| PB 0x00000000eb300000| Untracked |  0
| 180|0x00000000eb400000, 0x00000000eb400000, 0x00000000eb500000|  0%| F|  |TAMS 0x00000000eb400000| PB 0x00000000eb400000| Untracked |  0
| 181|0x00000000eb500000, 0x00000000eb500000, 0x00000000eb600000|  0%| F|  |TAMS 0x00000000eb500000| PB 0x00000000eb500000| Untracked |  0
| 182|0x00000000eb600000, 0x00000000eb600000, 0x00000000eb700000|  0%| F|  |TAMS 0x00000000eb600000| PB 0x00000000eb600000| Untracked |  0
| 183|0x00000000eb700000, 0x00000000eb700000, 0x00000000eb800000|  0%| F|  |TAMS 0x00000000eb700000| PB 0x00000000eb700000| Untracked |  0
| 184|0x00000000eb800000, 0x00000000eb800000, 0x00000000eb900000|  0%| F|  |TAMS 0x00000000eb800000| PB 0x00000000eb800000| Untracked |  0
| 185|0x00000000eb900000, 0x00000000eb900000, 0x00000000eba00000|  0%| F|  |TAMS 0x00000000eb900000| PB 0x00000000eb900000| Untracked |  0
| 186|0x00000000eba00000, 0x00000000eba00000, 0x00000000ebb00000|  0%| F|  |TAMS 0x00000000eba00000| PB 0x00000000eba00000| Untracked |  0
| 187|0x00000000ebb00000, 0x00000000ebb00000, 0x00000000ebc00000|  0%| F|  |TAMS 0x00000000ebb00000| PB 0x00000000ebb00000| Untracked |  0
| 188|0x00000000ebc00000, 0x00000000ebc00000, 0x00000000ebd00000|  0%| F|  |TAMS 0x00000000ebc00000| PB 0x00000000ebc00000| Untracked |  0
| 189|0x00000000ebd00000, 0x00000000ebd00000, 0x00000000ebe00000|  0%| F|  |TAMS 0x00000000ebd00000| PB 0x00000000ebd00000| Untracked |  0
| 190|0x00000000ebe00000, 0x00000000ebe00000, 0x00000000ebf00000|  0%| F|  |TAMS 0x00000000ebe00000| PB 0x00000000ebe00000| Untracked |  0
| 191|0x00000000ebf00000, 0x00000000ebf00000, 0x00000000ec000000|  0%| F|  |TAMS 0x00000000ebf00000| PB 0x00000000ebf00000| Untracked |  0
| 192|0x00000000ec000000, 0x00000000ec080000, 0x00000000ec100000| 50%| E|  |TAMS 0x00000000ec000000| PB 0x00000000ec000000| Complete |  1
| 193|0x00000000ec100000, 0x00000000ec200000, 0x00000000ec200000|100%| E|CS|TAMS 0x00000000ec100000| PB 0x00000000ec100000| Complete |  0
| 194|0x00000000ec200000, 0x00000000ec300000, 0x00000000ec300000|100%| E|CS|TAMS 0x00000000ec200000| PB 0x00000000ec200000| Complete |  0
| 195|0x00000000ec300000, 0x00000000ec400000, 0x00000000ec400000|100%| E|CS|TAMS 0x00000000ec300000| PB 0x00000000ec300000| Complete |  0
| 196|0x00000000ec400000, 0x00000000ec500000, 0x00000000ec500000|100%| E|CS|TAMS 0x00000000ec400000| PB 0x00000000ec400000| Complete |  0
| 197|0x00000000ec500000, 0x00000000ec600000, 0x00000000ec600000|100%| E|CS|TAMS 0x00000000ec500000| PB 0x00000000ec500000| Complete |  0
| 198|0x00000000ec600000, 0x00000000ec700000, 0x00000000ec700000|100%| E|CS|TAMS 0x00000000ec600000| PB 0x00000000ec600000| Complete |  0
| 199|0x00000000ec700000, 0x00000000ec800000, 0x00000000ec800000|100%| E|CS|TAMS 0x00000000ec700000| PB 0x00000000ec700000| Complete |  0
| 200|0x00000000ec800000, 0x00000000ec900000, 0x00000000ec900000|100%| E|CS|TAMS 0x00000000ec800000| PB 0x00000000ec800000| Complete |  0
| 201|0x00000000ec900000, 0x00000000eca00000, 0x00000000eca00000|100%| E|CS|TAMS 0x00000000ec900000| PB 0x00000000ec900000| Complete |  0
| 202|0x00000000eca00000, 0x00000000ecb00000, 0x00000000ecb00000|100%| E|CS|TAMS 0x00000000eca00000| PB 0x00000000eca00000| Complete |  0
| 203|0x00000000ecb00000, 0x00000000ecc00000, 0x00000000ecc00000|100%| E|CS|TAMS 0x00000000ecb00000| PB 0x00000000ecb00000| Complete |  0
| 204|0x00000000ecc00000, 0x00000000ecd00000, 0x00000000ecd00000|100%| E|CS|TAMS 0x00000000ecc00000| PB 0x00000000ecc00000| Complete |  0
| 205|0x00000000ecd00000, 0x00000000ece00000, 0x00000000ece00000|100%| E|CS|TAMS 0x00000000ecd00000| PB 0x00000000ecd00000| Complete |  0
| 206|0x00000000ece00000, 0x00000000ecf00000, 0x00000000ecf00000|100%| E|CS|TAMS 0x00000000ece00000| PB 0x00000000ece00000| Complete |  0
| 207|0x00000000ecf00000, 0x00000000ed000000, 0x00000000ed000000|100%| E|CS|TAMS 0x00000000ecf00000| PB 0x00000000ecf00000| Complete |  0
| 208|0x00000000ed000000, 0x00000000ed100000, 0x00000000ed100000|100%| E|CS|TAMS 0x00000000ed000000| PB 0x00000000ed000000| Complete |  0
| 209|0x00000000ed100000, 0x00000000ed200000, 0x00000000ed200000|100%| E|CS|TAMS 0x00000000ed100000| PB 0x00000000ed100000| Complete |  0
| 210|0x00000000ed200000, 0x00000000ed300000, 0x00000000ed300000|100%| E|CS|TAMS 0x00000000ed200000| PB 0x00000000ed200000| Complete |  0
| 211|0x00000000ed300000, 0x00000000ed400000, 0x00000000ed400000|100%| E|CS|TAMS 0x00000000ed300000| PB 0x00000000ed300000| Complete |  0
| 212|0x00000000ed400000, 0x00000000ed500000, 0x00000000ed500000|100%| E|CS|TAMS 0x00000000ed400000| PB 0x00000000ed400000| Complete |  0
| 213|0x00000000ed500000, 0x00000000ed600000, 0x00000000ed600000|100%| E|CS|TAMS 0x00000000ed500000| PB 0x00000000ed500000| Complete |  0
| 214|0x00000000ed600000, 0x00000000ed700000, 0x00000000ed700000|100%| E|CS|TAMS 0x00000000ed600000| PB 0x00000000ed600000| Complete |  0
| 215|0x00000000ed700000, 0x00000000ed800000, 0x00000000ed800000|100%| E|CS|TAMS 0x00000000ed700000| PB 0x00000000ed700000| Complete |  0
| 216|0x00000000ed800000, 0x00000000ed900000, 0x00000000ed900000|100%| E|CS|TAMS 0x00000000ed800000| PB 0x00000000ed800000| Complete |  0
| 217|0x00000000ed900000, 0x00000000eda00000, 0x00000000eda00000|100%| E|CS|TAMS 0x00000000ed900000| PB 0x00000000ed900000| Complete |  0
| 218|0x00000000eda00000, 0x00000000edb00000, 0x00000000edb00000|100%| E|CS|TAMS 0x00000000eda00000| PB 0x00000000eda00000| Complete |  0
| 219|0x00000000edb00000, 0x00000000edc00000, 0x00000000edc00000|100%| E|CS|TAMS 0x00000000edb00000| PB 0x00000000edb00000| Complete |  0
| 220|0x00000000edc00000, 0x00000000edd00000, 0x00000000edd00000|100%| E|CS|TAMS 0x00000000edc00000| PB 0x00000000edc00000| Complete |  0
| 221|0x00000000edd00000, 0x00000000ede00000, 0x00000000ede00000|100%| E|CS|TAMS 0x00000000edd00000| PB 0x00000000edd00000| Complete |  0
| 222|0x00000000ede00000, 0x00000000edf00000, 0x00000000edf00000|100%| E|CS|TAMS 0x00000000ede00000| PB 0x00000000ede00000| Complete |  0
| 223|0x00000000edf00000, 0x00000000ee000000, 0x00000000ee000000|100%| E|CS|TAMS 0x00000000edf00000| PB 0x00000000edf00000| Complete |  0
| 224|0x00000000ee000000, 0x00000000ee100000, 0x00000000ee100000|100%| E|CS|TAMS 0x00000000ee000000| PB 0x00000000ee000000| Complete |  0
| 225|0x00000000ee100000, 0x00000000ee200000, 0x00000000ee200000|100%| E|CS|TAMS 0x00000000ee100000| PB 0x00000000ee100000| Complete |  0
| 226|0x00000000ee200000, 0x00000000ee300000, 0x00000000ee300000|100%| E|CS|TAMS 0x00000000ee200000| PB 0x00000000ee200000| Complete |  0
| 227|0x00000000ee300000, 0x00000000ee400000, 0x00000000ee400000|100%| E|CS|TAMS 0x00000000ee300000| PB 0x00000000ee300000| Complete |  0
| 228|0x00000000ee400000, 0x00000000ee500000, 0x00000000ee500000|100%| E|CS|TAMS 0x00000000ee400000| PB 0x00000000ee400000| Complete |  0
| 229|0x00000000ee500000, 0x00000000ee600000, 0x00000000ee600000|100%| E|CS|TAMS 0x00000000ee500000| PB 0x00000000ee500000| Complete |  0
| 230|0x00000000ee600000, 0x00000000ee700000, 0x00000000ee700000|100%| E|CS|TAMS 0x00000000ee600000| PB 0x00000000ee600000| Complete |  0
| 231|0x00000000ee700000, 0x00000000ee800000, 0x00000000ee800000|100%| E|CS|TAMS 0x00000000ee700000| PB 0x00000000ee700000| Complete |  0
| 232|0x00000000ee800000, 0x00000000ee900000, 0x00000000ee900000|100%| E|CS|TAMS 0x00000000ee800000| PB 0x00000000ee800000| Complete |  0
| 233|0x00000000ee900000, 0x00000000eea00000, 0x00000000eea00000|100%| E|CS|TAMS 0x00000000ee900000| PB 0x00000000ee900000| Complete |  0
| 234|0x00000000eea00000, 0x00000000eeb00000, 0x00000000eeb00000|100%| E|CS|TAMS 0x00000000eea00000| PB 0x00000000eea00000| Complete |  0
| 235|0x00000000eeb00000, 0x00000000eec00000, 0x00000000eec00000|100%| E|CS|TAMS 0x00000000eeb00000| PB 0x00000000eeb00000| Complete |  0
| 236|0x00000000eec00000, 0x00000000eed00000, 0x00000000eed00000|100%| E|CS|TAMS 0x00000000eec00000| PB 0x00000000eec00000| Complete |  0
| 237|0x00000000eed00000, 0x00000000eee00000, 0x00000000eee00000|100%| E|CS|TAMS 0x00000000eed00000| PB 0x00000000eed00000| Complete |  0
| 238|0x00000000eee00000, 0x00000000eef00000, 0x00000000eef00000|100%| E|CS|TAMS 0x00000000eee00000| PB 0x00000000eee00000| Complete |  0
| 239|0x00000000eef00000, 0x00000000ef000000, 0x00000000ef000000|100%| E|CS|TAMS 0x00000000eef00000| PB 0x00000000eef00000| Complete |  0
| 240|0x00000000ef000000, 0x00000000ef100000, 0x00000000ef100000|100%| E|CS|TAMS 0x00000000ef000000| PB 0x00000000ef000000| Complete |  0
| 241|0x00000000ef100000, 0x00000000ef200000, 0x00000000ef200000|100%| E|CS|TAMS 0x00000000ef100000| PB 0x00000000ef100000| Complete |  0
| 242|0x00000000ef200000, 0x00000000ef300000, 0x00000000ef300000|100%| E|CS|TAMS 0x00000000ef200000| PB 0x00000000ef200000| Complete |  0
| 243|0x00000000ef300000, 0x00000000ef400000, 0x00000000ef400000|100%| E|CS|TAMS 0x00000000ef300000| PB 0x00000000ef300000| Complete |  0
| 244|0x00000000ef400000, 0x00000000ef500000, 0x00000000ef500000|100%| E|CS|TAMS 0x00000000ef400000| PB 0x00000000ef400000| Complete |  0
| 245|0x00000000ef500000, 0x00000000ef600000, 0x00000000ef600000|100%| E|CS|TAMS 0x00000000ef500000| PB 0x00000000ef500000| Complete |  0
| 246|0x00000000ef600000, 0x00000000ef700000, 0x00000000ef700000|100%| E|CS|TAMS 0x00000000ef600000| PB 0x00000000ef600000| Complete |  0
| 247|0x00000000ef700000, 0x00000000ef800000, 0x00000000ef800000|100%| E|CS|TAMS 0x00000000ef700000| PB 0x00000000ef700000| Complete |  0
| 248|0x00000000ef800000, 0x00000000ef900000, 0x00000000ef900000|100%| E|CS|TAMS 0x00000000ef800000| PB 0x00000000ef800000| Complete |  0
| 249|0x00000000ef900000, 0x00000000efa00000, 0x00000000efa00000|100%| E|CS|TAMS 0x00000000ef900000| PB 0x00000000ef900000| Complete |  0
| 250|0x00000000efa00000, 0x00000000efb00000, 0x00000000efb00000|100%| E|CS|TAMS 0x00000000efa00000| PB 0x00000000efa00000| Complete |  0
| 251|0x00000000efb00000, 0x00000000efc00000, 0x00000000efc00000|100%| E|CS|TAMS 0x00000000efb00000| PB 0x00000000efb00000| Complete |  0
| 252|0x00000000efc00000, 0x00000000efd00000, 0x00000000efd00000|100%| E|CS|TAMS 0x00000000efc00000| PB 0x00000000efc00000| Complete |  0
| 253|0x00000000efd00000, 0x00000000efe00000, 0x00000000efe00000|100%| E|CS|TAMS 0x00000000efd00000| PB 0x00000000efd00000| Complete |  0
| 254|0x00000000efe00000, 0x00000000eff00000, 0x00000000eff00000|100%| E|CS|TAMS 0x00000000efe00000| PB 0x00000000efe00000| Complete |  0
| 255|0x00000000eff00000, 0x00000000f0000000, 0x00000000f0000000|100%| E|CS|TAMS 0x00000000eff00000| PB 0x00000000eff00000| Complete |  0

Card table byte_map: [0x000001d6dec00000,0x000001d6ded00000] _byte_map_base: 0x000001d6de500000

Marking Bits: (CMBitMap*) 0x000001d6def6b080
 Bits: [0x000001d6f6280000, 0x000001d6f6a80000)

Polling page: 0x000001d6dcee0000

Metaspace:

Usage:
  Non-class:     44.89 MB used.
      Class:      7.34 MB used.
       Both:     52.23 MB used.

Virtual space:
  Non-class space:       64.00 MB reserved,      45.81 MB ( 72%) committed,  1 nodes.
      Class space:      320.00 MB reserved,       8.06 MB (  3%) committed,  1 nodes.
             Both:      384.00 MB reserved,      53.88 MB ( 14%) committed. 

Chunk freelists:
   Non-Class:  2.15 MB
       Class:  7.76 MB
        Both:  9.91 MB

MaxMetaspaceSize: 384.00 MB
CompressedClassSpaceSize: 320.00 MB
Initial GC threshold: 21.00 MB
Current GC threshold: 89.63 MB
CDS: on
 - commit_granule_bytes: 65536.
 - commit_granule_words: 8192.
 - virtual_space_node_default_size: 8388608.
 - enlarge_chunks_in_place: 1.
 - use_allocation_guard: 0.


Internal statistics:

num_allocs_failed_limit: 6.
num_arena_births: 2648.
num_arena_deaths: 8.
num_vsnodes_births: 2.
num_vsnodes_deaths: 0.
num_space_committed: 862.
num_space_uncommitted: 0.
num_chunks_returned_to_freelist: 25.
num_chunks_taken_from_freelist: 4919.
num_chunk_merges: 7.
num_chunk_splits: 3271.
num_chunks_enlarged: 2160.
num_inconsistent_stats: 0.

CodeHeap 'non-profiled nmethods': size=120064Kb used=6665Kb max_used=8153Kb free=113398Kb
 bounds [0x000001d6eed40000, 0x000001d6ef550000, 0x000001d6f6280000]
CodeHeap 'profiled nmethods': size=120000Kb used=12918Kb max_used=18073Kb free=107081Kb
 bounds [0x000001d6e7280000, 0x000001d6e84b0000, 0x000001d6ee7b0000]
CodeHeap 'non-nmethods': size=5696Kb used=2766Kb max_used=2836Kb free=2929Kb
 bounds [0x000001d6ee7b0000, 0x000001d6eea90000, 0x000001d6eed40000]
 total_blobs=8392 nmethods=7509 adapters=788
 compilation: enabled
              stopped_count=0, restarted_count=0
 full_count=0

Compilation events (20 events):
Event: 174.507 Thread 0x000001d6991303c0 nmethod 10246 0x000001d6ef1d2b10 code [0x000001d6ef1d2cc0, 0x000001d6ef1d3130]
Event: 175.315 Thread 0x000001d6991303c0 10247       4       org.gradle.internal.logging.events.ProgressEvent::getLogLevel (4 bytes)
Event: 175.317 Thread 0x000001d6991303c0 nmethod 10247 0x000001d6ef000c10 code [0x000001d6ef000d80, 0x000001d6ef000e10]
Event: 175.326 Thread 0x000001d6f8d7b580 10248       1       org.gradle.internal.logging.events.ProgressEvent::getStatus (5 bytes)
Event: 175.326 Thread 0x000001d6f8d7b580 nmethod 10248 0x000001d6ef259990 code [0x000001d6ef259b20, 0x000001d6ef259be8]
Event: 175.327 Thread 0x000001d6f8d7b580 10249       1       org.gradle.internal.logging.events.ProgressEvent::isFailing (5 bytes)
Event: 175.327 Thread 0x000001d6f8d7b580 nmethod 10249 0x000001d6ef259510 code [0x000001d6ef2596a0, 0x000001d6ef259770]
Event: 175.755 Thread 0x000001d6991303c0 10250       4       java.util.concurrent.atomic.AtomicLong::compareAndSet (13 bytes)
Event: 175.756 Thread 0x000001d6f8d7b580 10251       3       org.gradle.internal.serialize.InputStreamBackedDecoder::readBoolean (8 bytes)
Event: 175.758 Thread 0x000001d6f8d7b580 nmethod 10251 0x000001d6e728b010 code [0x000001d6e728b1e0, 0x000001d6e728b5d8]
Event: 175.758 Thread 0x000001d6f8d7b580 10252       3       java.io.DataInputStream::readBoolean (13 bytes)
Event: 175.759 Thread 0x000001d6f8d7b580 nmethod 10252 0x000001d6e72f2c10 code [0x000001d6e72f2de0, 0x000001d6e72f3170]
Event: 175.760 Thread 0x000001d6991303c0 nmethod 10250 0x000001d6ef2f3510 code [0x000001d6ef2f3680, 0x000001d6ef2f3720]
Event: 176.353 Thread 0x000001d6f8d7b580 10253       3       org.objectweb.asm.MethodWriter::visitMultiANewArrayInsn (97 bytes)
Event: 176.355 Thread 0x000001d6f8d7b580 nmethod 10253 0x000001d6e72b1210 code [0x000001d6e72b1400, 0x000001d6e72b1850]
Event: 176.680 Thread 0x000001d6f8d7b580 10254       3       org.objectweb.asm.ClassWriter::toByteArray (1535 bytes)
Event: 176.700 Thread 0x000001d6f8d7b580 nmethod 10254 0x000001d6e74f1590 code [0x000001d6e74f1ea0, 0x000001d6e74f5938]
Event: 176.702 Thread 0x000001d6f8d7b580 10255       3       org.objectweb.asm.ClassReader::accept (1419 bytes)
Event: 176.721 Thread 0x000001d6f8d7b580 nmethod 10255 0x000001d6e7fbb910 code [0x000001d6e7fbc4c0, 0x000001d6e7fc34e0]
Event: 176.956 Thread 0x000001d6991303c0 10256       4       org.objectweb.asm.ClassWriter::toByteArray (1535 bytes)

GC Heap History (20 events):
Event: 151.468 GC heap before
{Heap before GC invocations=60 (full 0):
 garbage-first heap   total reserved 524288K, committed 262144K, used 228940K [0x00000000e0000000, 0x0000000100000000)
  region size 1024K, 153 young (156672K), 11 survivors (11264K)
 Metaspace       used 53509K, committed 55104K, reserved 393216K
  class space    used 7529K, committed 8256K, reserved 327680K
}
Event: 151.490 GC heap after
{Heap after GC invocations=61 (full 0):
 garbage-first heap   total reserved 524288K, committed 262144K, used 84211K [0x00000000e0000000, 0x0000000100000000)
  region size 1024K, 7 young (7168K), 7 survivors (7168K)
 Metaspace       used 53509K, committed 55104K, reserved 393216K
  class space    used 7529K, committed 8256K, reserved 327680K
}
Event: 152.270 GC heap before
{Heap before GC invocations=61 (full 0):
 garbage-first heap   total reserved 524288K, committed 262144K, used 234739K [0x00000000e0000000, 0x0000000100000000)
  region size 1024K, 153 young (156672K), 7 survivors (7168K)
 Metaspace       used 53511K, committed 55104K, reserved 393216K
  class space    used 7529K, committed 8256K, reserved 327680K
}
Event: 152.299 GC heap after
{Heap after GC invocations=62 (full 0):
 garbage-first heap   total reserved 524288K, committed 262144K, used 83968K [0x00000000e0000000, 0x0000000100000000)
  region size 1024K, 8 young (8192K), 8 survivors (8192K)
 Metaspace       used 53511K, committed 55104K, reserved 393216K
  class space    used 7529K, committed 8256K, reserved 327680K
}
Event: 160.121 GC heap before
{Heap before GC invocations=62 (full 0):
 garbage-first heap   total reserved 524288K, committed 262144K, used 232448K [0x00000000e0000000, 0x0000000100000000)
  region size 1024K, 153 young (156672K), 8 survivors (8192K)
 Metaspace       used 53513K, committed 55104K, reserved 393216K
  class space    used 7529K, committed 8256K, reserved 327680K
}
Event: 160.141 GC heap after
{Heap after GC invocations=63 (full 0):
 garbage-first heap   total reserved 524288K, committed 262144K, used 84992K [0x00000000e0000000, 0x0000000100000000)
  region size 1024K, 9 young (9216K), 9 survivors (9216K)
 Metaspace       used 53513K, committed 55104K, reserved 393216K
  class space    used 7529K, committed 8256K, reserved 327680K
}
Event: 167.267 GC heap before
{Heap before GC invocations=64 (full 0):
 garbage-first heap   total reserved 524288K, committed 262144K, used 232448K [0x00000000e0000000, 0x0000000100000000)
  region size 1024K, 153 young (156672K), 9 survivors (9216K)
 Metaspace       used 53486K, committed 55168K, reserved 393216K
  class space    used 7519K, committed 8256K, reserved 327680K
}
Event: 167.289 GC heap after
{Heap after GC invocations=65 (full 0):
 garbage-first heap   total reserved 524288K, committed 262144K, used 86016K [0x00000000e0000000, 0x0000000100000000)
  region size 1024K, 10 young (10240K), 10 survivors (10240K)
 Metaspace       used 53486K, committed 55168K, reserved 393216K
  class space    used 7519K, committed 8256K, reserved 327680K
}
Event: 169.161 GC heap before
{Heap before GC invocations=65 (full 0):
 garbage-first heap   total reserved 524288K, committed 262144K, used 232448K [0x00000000e0000000, 0x0000000100000000)
  region size 1024K, 153 young (156672K), 10 survivors (10240K)
 Metaspace       used 53486K, committed 55168K, reserved 393216K
  class space    used 7519K, committed 8256K, reserved 327680K
}
Event: 169.221 GC heap after
{Heap after GC invocations=66 (full 0):
 garbage-first heap   total reserved 524288K, committed 262144K, used 86793K [0x00000000e0000000, 0x0000000100000000)
  region size 1024K, 12 young (12288K), 12 survivors (12288K)
 Metaspace       used 53486K, committed 55168K, reserved 393216K
  class space    used 7519K, committed 8256K, reserved 327680K
}
Event: 171.665 GC heap before
{Heap before GC invocations=66 (full 0):
 garbage-first heap   total reserved 524288K, committed 262144K, used 231177K [0x00000000e0000000, 0x0000000100000000)
  region size 1024K, 153 young (156672K), 12 survivors (12288K)
 Metaspace       used 53486K, committed 55168K, reserved 393216K
  class space    used 7519K, committed 8256K, reserved 327680K
}
Event: 171.696 GC heap after
{Heap after GC invocations=67 (full 0):
 garbage-first heap   total reserved 524288K, committed 262144K, used 87074K [0x00000000e0000000, 0x0000000100000000)
  region size 1024K, 11 young (11264K), 11 survivors (11264K)
 Metaspace       used 53486K, committed 55168K, reserved 393216K
  class space    used 7519K, committed 8256K, reserved 327680K
}
Event: 173.805 GC heap before
{Heap before GC invocations=68 (full 0):
 garbage-first heap   total reserved 524288K, committed 262144K, used 232482K [0x00000000e0000000, 0x0000000100000000)
  region size 1024K, 153 young (156672K), 11 survivors (11264K)
 Metaspace       used 53486K, committed 55168K, reserved 393216K
  class space    used 7519K, committed 8256K, reserved 327680K
}
Event: 173.833 GC heap after
{Heap after GC invocations=69 (full 0):
 garbage-first heap   total reserved 524288K, committed 262144K, used 88389K [0x00000000e0000000, 0x0000000100000000)
  region size 1024K, 11 young (11264K), 11 survivors (11264K)
 Metaspace       used 53486K, committed 55168K, reserved 393216K
  class space    used 7519K, committed 8256K, reserved 327680K
}
Event: 175.179 GC heap before
{Heap before GC invocations=69 (full 0):
 garbage-first heap   total reserved 524288K, committed 262144K, used 233797K [0x00000000e0000000, 0x0000000100000000)
  region size 1024K, 153 young (156672K), 11 survivors (11264K)
 Metaspace       used 53486K, committed 55168K, reserved 393216K
  class space    used 7519K, committed 8256K, reserved 327680K
}
Event: 175.215 GC heap after
{Heap after GC invocations=70 (full 0):
 garbage-first heap   total reserved 524288K, committed 262144K, used 88723K [0x00000000e0000000, 0x0000000100000000)
  region size 1024K, 11 young (11264K), 11 survivors (11264K)
 Metaspace       used 53486K, committed 55168K, reserved 393216K
  class space    used 7519K, committed 8256K, reserved 327680K
}
Event: 175.869 GC heap before
{Heap before GC invocations=70 (full 0):
 garbage-first heap   total reserved 524288K, committed 262144K, used 234131K [0x00000000e0000000, 0x0000000100000000)
  region size 1024K, 153 young (156672K), 11 survivors (11264K)
 Metaspace       used 53486K, committed 55168K, reserved 393216K
  class space    used 7519K, committed 8256K, reserved 327680K
}
Event: 175.896 GC heap after
{Heap after GC invocations=71 (full 0):
 garbage-first heap   total reserved 524288K, committed 262144K, used 89618K [0x00000000e0000000, 0x0000000100000000)
  region size 1024K, 11 young (11264K), 11 survivors (11264K)
 Metaspace       used 53486K, committed 55168K, reserved 393216K
  class space    used 7519K, committed 8256K, reserved 327680K
}
Event: 176.913 GC heap before
{Heap before GC invocations=72 (full 0):
 garbage-first heap   total reserved 524288K, committed 262144K, used 235026K [0x00000000e0000000, 0x0000000100000000)
  region size 1024K, 153 young (156672K), 11 survivors (11264K)
 Metaspace       used 53487K, committed 55168K, reserved 393216K
  class space    used 7519K, committed 8256K, reserved 327680K
}
Event: 176.949 GC heap after
{Heap after GC invocations=73 (full 0):
 garbage-first heap   total reserved 524288K, committed 262144K, used 90759K [0x00000000e0000000, 0x0000000100000000)
  region size 1024K, 11 young (11264K), 11 survivors (11264K)
 Metaspace       used 53487K, committed 55168K, reserved 393216K
  class space    used 7519K, committed 8256K, reserved 327680K
}

Dll operation events (15 events):
Event: 0.038 Loaded shared library C:\Users\User\.jdks\openjdk-22.0.2\bin\java.dll
Event: 0.091 Loaded shared library C:\Users\User\.jdks\openjdk-22.0.2\bin\jsvml.dll
Event: 0.435 Loaded shared library C:\Users\User\.jdks\openjdk-22.0.2\bin\zip.dll
Event: 0.480 Loaded shared library C:\Users\User\.jdks\openjdk-22.0.2\bin\instrument.dll
Event: 0.524 Loaded shared library C:\Users\User\.jdks\openjdk-22.0.2\bin\net.dll
Event: 0.571 Loaded shared library C:\Users\User\.jdks\openjdk-22.0.2\bin\nio.dll
Event: 0.653 Loaded shared library C:\Users\User\.jdks\openjdk-22.0.2\bin\zip.dll
Event: 1.284 Loaded shared library C:\Users\User\.jdks\openjdk-22.0.2\bin\jimage.dll
Event: 1.571 Loaded shared library C:\Users\User\.jdks\openjdk-22.0.2\bin\verify.dll
Event: 1.946 Loaded shared library C:\Users\User\.gradle\native\c067742578af261105cb4f569cf0c3c89f3d7b1fecec35dd04571415982c5e48\windows-amd64\native-platform.dll
Event: 1.969 Loaded shared library C:\Users\User\.gradle\native\100fb08df4bc3b14c8652ba06237920a3bd2aa13389f12d3474272988ae205f9\windows-amd64\native-platform-file-events.dll
Event: 5.053 Loaded shared library C:\Users\User\.jdks\openjdk-22.0.2\bin\management.dll
Event: 5.063 Loaded shared library C:\Users\User\.jdks\openjdk-22.0.2\bin\management_ext.dll
Event: 5.489 Loaded shared library C:\Users\User\.jdks\openjdk-22.0.2\bin\extnet.dll
Event: 5.833 Loaded shared library C:\Users\User\.jdks\openjdk-22.0.2\bin\sunmscapi.dll

Deoptimization events (20 events):
Event: 167.349 Thread 0x000001d69a960640 Uncommon trap: trap_request=0xffffff45 fr.pc=0x000001d6ef2d8890 relative=0x0000000000000250
Event: 167.349 Thread 0x000001d69a960640 Uncommon trap: reason=unstable_if action=reinterpret pc=0x000001d6ef2d8890 method=org.gradle.api.internal.runtimeshaded.RuntimeShadedJarCreator.processEntry(Lorg/gradle/internal/classpath/ClasspathBuilder$EntryBuilder;Lorg/gradle/internal/classpath/Classp
Event: 167.349 Thread 0x000001d69a960640 DEOPT PACKING pc=0x000001d6ef2d8890 sp=0x0000007eec6f7640
Event: 167.349 Thread 0x000001d69a960640 DEOPT UNPACKING pc=0x000001d6ee80469c sp=0x0000007eec6f7628 mode 2
Event: 167.565 Thread 0x000001d69a960640 Uncommon trap: trap_request=0xffffffde fr.pc=0x000001d6eee920d8 relative=0x00000000000009d8
Event: 167.565 Thread 0x000001d69a960640 Uncommon trap: reason=class_check action=maybe_recompile pc=0x000001d6eee920d8 method=org.objectweb.asm.ClassReader.readElementValue(Lorg/objectweb/asm/AnnotationVisitor;ILjava/lang/String;[C)I @ 556 c2
Event: 167.565 Thread 0x000001d69a960640 DEOPT PACKING pc=0x000001d6eee920d8 sp=0x0000007eec6f7320
Event: 167.566 Thread 0x000001d69a960640 DEOPT UNPACKING pc=0x000001d6ee80469c sp=0x0000007eec6f7288 mode 2
Event: 167.568 Thread 0x000001d69a960640 Uncommon trap: trap_request=0xffffffde fr.pc=0x000001d6eee920d8 relative=0x00000000000009d8
Event: 167.568 Thread 0x000001d69a960640 Uncommon trap: reason=class_check action=maybe_recompile pc=0x000001d6eee920d8 method=org.objectweb.asm.ClassReader.readElementValue(Lorg/objectweb/asm/AnnotationVisitor;ILjava/lang/String;[C)I @ 556 c2
Event: 167.568 Thread 0x000001d69a960640 DEOPT PACKING pc=0x000001d6eee920d8 sp=0x0000007eec6f7180
Event: 167.568 Thread 0x000001d69a960640 DEOPT UNPACKING pc=0x000001d6ee80469c sp=0x0000007eec6f70e8 mode 2
Event: 176.672 Thread 0x000001d69a960640 Uncommon trap: trap_request=0xffffff45 fr.pc=0x000001d6ef26ec14 relative=0x0000000000003094
Event: 176.673 Thread 0x000001d69a960640 Uncommon trap: reason=unstable_if action=reinterpret pc=0x000001d6ef26ec14 method=org.objectweb.asm.ClassReader.accept(Lorg/objectweb/asm/ClassVisitor;[Lorg/objectweb/asm/Attribute;I)V @ 311 c2
Event: 176.673 Thread 0x000001d69a960640 DEOPT PACKING pc=0x000001d6ef26ec14 sp=0x0000007eec6f7440
Event: 176.673 Thread 0x000001d69a960640 DEOPT UNPACKING pc=0x000001d6ee80469c sp=0x0000007eec6f7428 mode 2
Event: 176.674 Thread 0x000001d69a960640 Uncommon trap: trap_request=0xffffff45 fr.pc=0x000001d6ef379d5c relative=0x000000000000519c
Event: 176.675 Thread 0x000001d69a960640 Uncommon trap: reason=unstable_if action=reinterpret pc=0x000001d6ef379d5c method=org.objectweb.asm.ClassWriter.toByteArray()[B @ 463 c2
Event: 176.675 Thread 0x000001d69a960640 DEOPT PACKING pc=0x000001d6ef379d5c sp=0x0000007eec6f7500
Event: 176.676 Thread 0x000001d69a960640 DEOPT UNPACKING pc=0x000001d6ee80469c sp=0x0000007eec6f74b8 mode 2

Classes loaded (20 events):
Event: 125.873 Loading class sun/misc/SharedSecrets
Event: 125.873 Loading class sun/misc/SharedSecrets done
Event: 125.891 Loading class java/lang/Override
Event: 125.891 Loading class java/lang/Override done
Event: 128.035 Loading class java/lang/ClassBeanInfo
Event: 128.035 Loading class java/lang/ClassBeanInfo done
Event: 128.037 Loading class java/lang/ClassBeanInfo
Event: 128.037 Loading class java/lang/ClassBeanInfo done
Event: 128.039 Loading class java/lang/ClassCustomizer
Event: 128.039 Loading class java/lang/ClassCustomizer done
Event: 128.040 Loading class java/lang/ClassCustomizer
Event: 128.040 Loading class java/lang/ClassCustomizer done
Event: 129.061 Loading class java/util/BitSet$1BitSetSpliterator
Event: 129.062 Loading class java/util/BitSet$1BitSetSpliterator done
Event: 129.131 Loading class java/util/Collections$SynchronizedRandomAccessList
Event: 129.132 Loading class java/util/Collections$SynchronizedList
Event: 129.132 Loading class java/util/Collections$SynchronizedList done
Event: 129.132 Loading class java/util/Collections$SynchronizedRandomAccessList done
Event: 148.015 Loading class java/util/regex/Pattern$Caret
Event: 148.025 Loading class java/util/regex/Pattern$Caret done

Classes unloaded (19 events):
Event: 78.975 Thread 0x000001d6f8d4cbe0 Unloading class 0x000001d6817083e8 '_BuildScript_$_run_closure1$_closure2'
Event: 78.975 Thread 0x000001d6f8d4cbe0 Unloading class 0x000001d681708000 '_BuildScript_$_run_closure1'
Event: 78.975 Thread 0x000001d6f8d4cbe0 Unloading class 0x000001d681701800 '_BuildScript_'
Event: 78.976 Thread 0x000001d6f8d4cbe0 Unloading class 0x000001d6816bb530 '_BuildScript_$_run_closure1'
Event: 78.976 Thread 0x000001d6f8d4cbe0 Unloading class 0x000001d6816bb000 '_BuildScript_'
Event: 78.976 Thread 0x000001d6f8d4cbe0 Unloading class 0x000001d681651000 '_BuildScript_$_run_closure2'
Event: 78.976 Thread 0x000001d6f8d4cbe0 Unloading class 0x000001d681650b88 '_BuildScript_$_run_closure1'
Event: 78.976 Thread 0x000001d6f8d4cbe0 Unloading class 0x000001d681650658 '_BuildScript_'
Event: 78.976 Thread 0x000001d6f8d4cbe0 Unloading class 0x000001d681650270 'IdeaPluginConfigurator$_disableSources_closure1'
Event: 78.976 Thread 0x000001d6f8d4cbe0 Unloading class 0x000001d681650000 'IdeaPluginConfigurator'
Event: 160.661 Thread 0x000001d6f8d4cbe0 Unloading class 0x000001d6817f87d0 '_BuildScript_$_run_closure1$_closure3'
Event: 160.661 Thread 0x000001d6f8d4cbe0 Unloading class 0x000001d6817f83e8 '_BuildScript_$_run_closure1$_closure2'
Event: 160.661 Thread 0x000001d6f8d4cbe0 Unloading class 0x000001d6817f8000 '_BuildScript_$_run_closure1'
Event: 160.661 Thread 0x000001d6f8d4cbe0 Unloading class 0x000001d6817f57d0 '_BuildScript_'
Event: 160.663 Thread 0x000001d6f8d4cbe0 Unloading class 0x000001d6817f53e8 'JetGradlePlugin$_apply_closure1$_closure2$_closure3'
Event: 160.663 Thread 0x000001d6f8d4cbe0 Unloading class 0x000001d6817f5000 'JetGradlePlugin$_apply_closure1$_closure2'
Event: 160.663 Thread 0x000001d6f8d4cbe0 Unloading class 0x000001d6817f4400 'JetGradlePlugin$_apply_closure1'
Event: 160.663 Thread 0x000001d6f8d4cbe0 Unloading class 0x000001d6817f4ac8 'JetGradlePlugin'
Event: 160.663 Thread 0x000001d6f8d4cbe0 Unloading class 0x000001d6817f4800 'RegistryProcessor'

Classes redefined (0 events):
No events

Internal exceptions (20 events):
Event: 128.414 Thread 0x000001d69a960640 Exception <a 'java/lang/ClassNotFoundException'{0x00000000eb7bfc30}: org/gradle/internal/service/scopes/GradleScopeServicesCustomizer> (0x00000000eb7bfc30) 
thrown [s\open\src\hotspot\share\classfile\systemDictionary.cpp, line 313]
Event: 128.428 Thread 0x000001d69a960640 Exception <a 'java/lang/ClassNotFoundException'{0x00000000eb608698}: org/gradle/internal/extensibility/DefaultConventionBeanInfo> (0x00000000eb608698) 
thrown [s\open\src\hotspot\share\classfile\systemDictionary.cpp, line 313]
Event: 128.429 Thread 0x000001d69a960640 Exception <a 'java/lang/ClassNotFoundException'{0x00000000eb61c820}: org/gradle/internal/extensibility/DefaultConventionCustomizer> (0x00000000eb61c820) 
thrown [s\open\src\hotspot\share\classfile\systemDictionary.cpp, line 313]
Event: 128.462 Thread 0x000001d69a960640 Exception <a 'java/lang/ClassNotFoundException'{0x00000000eb6ac368}: com/intellij/gradle/toolingExtension/impl/modelBuilder/ExtraModelBuilderBeanInfo> (0x00000000eb6ac368) 
thrown [s\open\src\hotspot\share\classfile\systemDictionary.cpp, line 313]
Event: 128.463 Thread 0x000001d69a960640 Exception <a 'java/lang/ClassNotFoundException'{0x00000000eb6b7da0}: com/intellij/gradle/toolingExtension/impl/modelBuilder/ExtraModelBuilderCustomizer> (0x00000000eb6b7da0) 
thrown [s\open\src\hotspot\share\classfile\systemDictionary.cpp, line 313]
Event: 129.074 Thread 0x000001d69a960640 Exception <a 'java/lang/IncompatibleClassChangeError'{0x00000000eab95a08}: Found class java.lang.Object, but interface was expected> (0x00000000eab95a08) 
thrown [s\open\src\hotspot\share\interpreter\linkResolver.cpp, line 841]
Event: 129.116 Thread 0x000001d69a960640 Exception <a 'java/lang/NoSuchMethodError'{0x00000000eabdff98}: 'java.lang.Object java.lang.invoke.Invokers$Holder.invoker(java.lang.Object, java.lang.Object, java.lang.Object, java.lang.Object, java.lang.Object, java.lang.Object)'> (0x00000000eabdff98) 
thrown [s\open\src\hotspot\share\interpreter\linkResolver.cpp, line 774]
Event: 129.158 Thread 0x000001d69a960640 Exception <a 'java/lang/NoSuchMethodError'{0x00000000eaa942b8}: 'java.lang.Object java.lang.invoke.Invokers$Holder.invoker(java.lang.Object, java.lang.Object, java.lang.Object, java.lang.Object, java.lang.Object)'> (0x00000000eaa942b8) 
thrown [s\open\src\hotspot\share\interpreter\linkResolver.cpp, line 774]
Event: 129.166 Thread 0x000001d69a960640 Exception <a 'java/lang/NoSuchMethodError'{0x00000000eaab0030}: 'java.lang.Object java.lang.invoke.DirectMethodHandle$Holder.invokeSpecial(java.lang.Object, java.lang.Object, java.lang.Object, java.lang.Object, java.lang.Object, java.lang.Object, java.lang.Object, java.lang.Object, java.lang.Object, java.lang.Object, java.lang.Object, java.lang.Object, java.lang.Object, java.lang.Object, java.lang.Object, java.lang.Object, java.lang.Object, java.lang.Object, java.lang.Object, java.lang.Object, java.lang.Ob
Event: 129.167 Thread 0x000001d69a960640 Exception <a 'java/lang/NoSuchMethodError'{0x00000000eaab5ef8}: 'java.lang.Object java.lang.invoke.DelegatingMethodHandle$Holder.reinvoke_L(java.lang.Object, java.lang.Object, java.lang.Object, java.lang.Object, java.lang.Object, java.lang.Object, java.lang.Object, java.lang.Object, java.lang.Object, java.lang.Object, java.lang.Object, java.lang.Object, java.lang.Object, java.lang.Object, java.lang.Object, java.lang.Object, java.lang.Object, java.lang.Object, java.lang.Object, java.lang.Object, java.lang.O
Event: 129.168 Thread 0x000001d69a960640 Exception <a 'java/lang/NoSuchMethodError'{0x00000000eaac1560}: 'java.lang.Object java.lang.invoke.Invokers$Holder.invoker(java.lang.Object, java.lang.Object, java.lang.Object, java.lang.Object, java.lang.Object, java.lang.Object, java.lang.Object, java.lang.Object, java.lang.Object, java.lang.Object, java.lang.Object, java.lang.Object, java.lang.Object, java.lang.Object, java.lang.Object, java.lang.Object, java.lang.Object, java.lang.Object, java.lang.Object, java.lang.Object, java.lang.Object, java.lang.
Event: 129.168 Thread 0x000001d69a960640 Exception <a 'java/lang/NoSuchMethodError'{0x00000000eaac7c28}: 'java.lang.Object java.lang.invoke.DelegatingMethodHandle$Holder.delegate(java.lang.Object, java.lang.Object, java.lang.Object, java.lang.Object, java.lang.Object, java.lang.Object, java.lang.Object, java.lang.Object, java.lang.Object, java.lang.Object, java.lang.Object, java.lang.Object, java.lang.Object, java.lang.Object, java.lang.Object, java.lang.Object, java.lang.Object, java.lang.Object, java.lang.Object, java.lang.Object, java.lang.Obj
Event: 129.252 Thread 0x000001d69a960640 Implicit null exception at 0x000001d6ef46da81 to 0x000001d6ef46dba4
Event: 129.842 Thread 0x000001d69a960640 Exception <a 'sun/nio/fs/WindowsException'{0x00000000e99f5228}> (0x00000000e99f5228) 
thrown [s\open\src\hotspot\share\prims\jni.cpp, line 520]
Event: 129.843 Thread 0x000001d69a960640 Exception <a 'sun/nio/fs/WindowsException'{0x00000000e99f6ac0}> (0x00000000e99f6ac0) 
thrown [s\open\src\hotspot\share\prims\jni.cpp, line 520]
Event: 129.856 Thread 0x000001d69a960640 Implicit null exception at 0x000001d6ef2d934a to 0x000001d6ef2d9584
Event: 129.858 Thread 0x000001d69a960640 Implicit null exception at 0x000001d6ef25f871 to 0x000001d6ef25fc28
Event: 129.858 Thread 0x000001d69a960640 Implicit null exception at 0x000001d6ef1d43e0 to 0x000001d6ef1d4d00
Event: 129.864 Thread 0x000001d69a960640 Implicit null exception at 0x000001d6ef2d8775 to 0x000001d6ef2d8ad8
Event: 131.713 Thread 0x000001d69a960640 Implicit null exception at 0x000001d6ef321985 to 0x000001d6ef322a88

ZGC Phase Switch (0 events):
No events

VM Operations (20 events):
Event: 169.161 Executing VM operation: G1CollectForAllocation (G1 Evacuation Pause)
Event: 169.221 Executing VM operation: G1CollectForAllocation (G1 Evacuation Pause) done
Event: 171.665 Executing VM operation: G1CollectForAllocation (G1 Evacuation Pause)
Event: 171.696 Executing VM operation: G1CollectForAllocation (G1 Evacuation Pause) done
Event: 171.985 Executing VM operation: G1PauseRemark
Event: 172.082 Executing VM operation: G1PauseRemark done
Event: 172.119 Executing VM operation: G1PauseCleanup
Event: 172.122 Executing VM operation: G1PauseCleanup done
Event: 173.805 Executing VM operation: G1CollectForAllocation (G1 Evacuation Pause)
Event: 173.833 Executing VM operation: G1CollectForAllocation (G1 Evacuation Pause) done
Event: 175.179 Executing VM operation: G1CollectForAllocation (G1 Evacuation Pause)
Event: 175.215 Executing VM operation: G1CollectForAllocation (G1 Evacuation Pause) done
Event: 175.869 Executing VM operation: G1CollectForAllocation (G1 Evacuation Pause)
Event: 175.896 Executing VM operation: G1CollectForAllocation (G1 Evacuation Pause) done
Event: 176.067 Executing VM operation: G1PauseRemark
Event: 176.093 Executing VM operation: G1PauseRemark done
Event: 176.135 Executing VM operation: G1PauseCleanup
Event: 176.135 Executing VM operation: G1PauseCleanup done
Event: 176.913 Executing VM operation: G1CollectForAllocation (G1 Evacuation Pause)
Event: 176.949 Executing VM operation: G1CollectForAllocation (G1 Evacuation Pause) done

Memory protections (0 events):
No events

Nmethod flushes (20 events):
Event: 164.891 Thread 0x000001d6f8d4cbe0 flushing  nmethod 0x000001d6e8074c90
Event: 164.891 Thread 0x000001d6f8d4cbe0 flushing  nmethod 0x000001d6e81da890
Event: 172.082 Thread 0x000001d6f8d4cbe0 flushing  nmethod 0x000001d6ef21c610
Event: 172.082 Thread 0x000001d6f8d4cbe0 flushing  nmethod 0x000001d6e7291310
Event: 172.082 Thread 0x000001d6f8d4cbe0 flushing  nmethod 0x000001d6e735e410
Event: 172.082 Thread 0x000001d6f8d4cbe0 flushing  nmethod 0x000001d6e798c190
Event: 172.082 Thread 0x000001d6f8d4cbe0 flushing  nmethod 0x000001d6e7c53510
Event: 172.082 Thread 0x000001d6f8d4cbe0 flushing  nmethod 0x000001d6e72f4790
Event: 172.082 Thread 0x000001d6f8d4cbe0 flushing  nmethod 0x000001d6e72fd810
Event: 172.082 Thread 0x000001d6f8d4cbe0 flushing  nmethod 0x000001d6e7b3a710
Event: 172.082 Thread 0x000001d6f8d4cbe0 flushing  nmethod 0x000001d6e802d490
Event: 172.082 Thread 0x000001d6f8d4cbe0 flushing  nmethod 0x000001d6e8339a90
Event: 176.091 Thread 0x000001d6f8d4cbe0 flushing  nmethod 0x000001d6eee91390
Event: 176.091 Thread 0x000001d6f8d4cbe0 flushing  nmethod 0x000001d6e7e36010
Event: 176.092 Thread 0x000001d6f8d4cbe0 flushing  nmethod 0x000001d6ef18f410
Event: 176.092 Thread 0x000001d6f8d4cbe0 flushing  nmethod 0x000001d6ef2d8410
Event: 176.092 Thread 0x000001d6f8d4cbe0 flushing  nmethod 0x000001d6e72b1210
Event: 176.092 Thread 0x000001d6f8d4cbe0 flushing  nmethod 0x000001d6e79c3610
Event: 176.093 Thread 0x000001d6f8d4cbe0 flushing  nmethod 0x000001d6e7b33910
Event: 176.093 Thread 0x000001d6f8d4cbe0 flushing  nmethod 0x000001d6e7e3a210

Events (20 events):
Event: 6.079 Thread 0x000001d69ab211b0 Thread added: 0x000001d69ab21e90
Event: 6.338 Thread 0x000001d69ab211b0 Thread added: 0x000001d69a960640
Event: 6.373 Thread 0x000001d69a960640 Thread added: 0x000001d69a16b800
Event: 6.380 Thread 0x000001d69a960640 Thread added: 0x000001d69a16a450
Event: 6.391 Thread 0x000001d69a960640 Thread added: 0x000001d69a168a10
Event: 7.363 Thread 0x000001d69a960640 Thread added: 0x000001d69a16be90
Event: 7.379 Thread 0x000001d69a960640 Thread added: 0x000001d69a16aae0
Event: 7.460 Thread 0x000001d69a960640 Thread added: 0x000001d69a1690a0
Event: 9.770 Thread 0x000001d69a960640 Thread added: 0x000001d69a16b170
Event: 10.234 Thread 0x000001d69a960640 Thread added: 0x000001d69a169730
Event: 10.251 Thread 0x000001d69a960640 Thread added: 0x000001d69bbb2080
Event: 14.599 Thread 0x000001d69a960640 Thread added: 0x000001d69bbb5500
Event: 14.599 Thread 0x000001d69a960640 Thread added: 0x000001d69bbb2710
Event: 30.932 Thread 0x000001d69a960640 Thread added: 0x000001d69bbb2da0
Event: 31.084 Thread 0x000001d69a960640 Thread added: 0x000001d69bbb3430
Event: 31.390 Thread 0x000001d69a960640 Thread added: 0x000001d69bbb3ac0
Event: 31.678 Thread 0x000001d69a960640 Thread added: 0x000001d69bbb47e0
Event: 41.206 Thread 0x000001d69a960640 Thread added: 0x000001d69c75a270
Event: 46.054 Thread 0x000001d69a960640 Thread added: 0x000001d69c756760
Event: 67.805 Thread 0x000001d69a16a450 Thread exited: 0x000001d69a16a450


Dynamic libraries:
0x00007ff65ef70000 - 0x00007ff65ef7e000 	C:\Users\User\.jdks\openjdk-22.0.2\bin\java.exe
0x00007ffc57ae0000 - 0x00007ffc57cce000 	C:\Windows\SYSTEM32\ntdll.dll
0x00007ffc57270000 - 0x00007ffc57323000 	C:\Windows\System32\KERNEL32.DLL
0x00007ffc53b60000 - 0x00007ffc53dfd000 	C:\Windows\System32\KERNELBASE.dll
0x00007ffc54210000 - 0x00007ffc5430a000 	C:\Windows\System32\ucrtbase.dll
0x00007ffc4b690000 - 0x00007ffc4b6a7000 	C:\Users\User\.jdks\openjdk-22.0.2\bin\jli.dll
0x00007ffc4c640000 - 0x00007ffc4c65b000 	C:\Users\User\.jdks\openjdk-22.0.2\bin\VCRUNTIME140.dll
0x00007ffc57860000 - 0x00007ffc579f7000 	C:\Windows\System32\USER32.dll
0x00007ffc53e00000 - 0x00007ffc53e20000 	C:\Windows\System32\win32u.dll
0x00007ffc56b70000 - 0x00007ffc56b99000 	C:\Windows\System32\GDI32.dll
0x00007ffc54ac0000 - 0x00007ffc54c68000 	C:\Windows\System32\gdi32full.dll
0x00007ffc54040000 - 0x00007ffc540e0000 	C:\Windows\System32\msvcp_win.dll
0x00007ffc47610000 - 0x00007ffc47889000 	C:\Windows\WinSxS\amd64_microsoft.windows.common-controls_6595b64144ccf1df_6.0.17763.6293_none_de76a9f2534660ca\COMCTL32.dll
0x00007ffc54d00000 - 0x00007ffc54d9e000 	C:\Windows\System32\msvcrt.dll
0x00007ffc56ba0000 - 0x00007ffc56eca000 	C:\Windows\System32\combase.dll
0x00007ffc55330000 - 0x00007ffc55448000 	C:\Windows\System32\RPCRT4.dll
0x00007ffc54c70000 - 0x00007ffc54cf2000 	C:\Windows\System32\bcryptPrimitives.dll
0x00007ffc57190000 - 0x00007ffc571be000 	C:\Windows\System32\IMM32.DLL
0x00007ffc4c0d0000 - 0x00007ffc4c0dc000 	C:\Users\User\.jdks\openjdk-22.0.2\bin\vcruntime140_1.dll
0x00007ffc3ceb0000 - 0x00007ffc3cf3e000 	C:\Users\User\.jdks\openjdk-22.0.2\bin\msvcp140.dll
0x00007ffc19960000 - 0x00007ffc1a6a9000 	C:\Users\User\.jdks\openjdk-22.0.2\bin\server\jvm.dll
0x00007ffc577b0000 - 0x00007ffc57858000 	C:\Windows\System32\ADVAPI32.dll
0x00007ffc55010000 - 0x00007ffc550b2000 	C:\Windows\System32\sechost.dll
0x00007ffc541e0000 - 0x00007ffc54206000 	C:\Windows\System32\bcrypt.dll
0x00007ffc53ae0000 - 0x00007ffc53b3d000 	C:\Windows\System32\POWRPROF.dll
0x00007ffc552c0000 - 0x00007ffc5532d000 	C:\Windows\System32\WS2_32.dll
0x00007ffc519c0000 - 0x00007ffc519e4000 	C:\Windows\SYSTEM32\WINMM.dll
0x00007ffc51990000 - 0x00007ffc519bd000 	C:\Windows\SYSTEM32\WINMMBASE.dll
0x00007ffc54190000 - 0x00007ffc541da000 	C:\Windows\System32\cfgmgr32.dll
0x00007ffc44bb0000 - 0x00007ffc44bba000 	C:\Windows\SYSTEM32\VERSION.dll
0x00007ffc53b40000 - 0x00007ffc53b51000 	C:\Windows\System32\kernel.appcore.dll
0x00007ffc46750000 - 0x00007ffc4675a000 	C:\Users\User\.jdks\openjdk-22.0.2\bin\jimage.dll
0x00007ffc43080000 - 0x00007ffc4326d000 	C:\Windows\SYSTEM32\DBGHELP.DLL
0x00007ffc43040000 - 0x00007ffc4306a000 	C:\Windows\SYSTEM32\dbgcore.DLL
0x00007ffc4c820000 - 0x00007ffc4c82f000 	C:\Users\User\.jdks\openjdk-22.0.2\bin\instrument.dll
0x00007ffc46030000 - 0x00007ffc4604e000 	C:\Users\User\.jdks\openjdk-22.0.2\bin\java.dll
0x00007ffc554f0000 - 0x00007ffc569e8000 	C:\Windows\System32\SHELL32.dll
0x00007ffc57a00000 - 0x00007ffc57aa7000 	C:\Windows\System32\shcore.dll
0x00007ffc54310000 - 0x00007ffc54a58000 	C:\Windows\System32\windows.storage.dll
0x00007ffc53ab0000 - 0x00007ffc53ad3000 	C:\Windows\System32\profapi.dll
0x00007ffc56ed0000 - 0x00007ffc56f22000 	C:\Windows\System32\shlwapi.dll
0x00007ffc53e20000 - 0x00007ffc53e3b000 	C:\Windows\System32\cryptsp.dll
0x00007ffc569f0000 - 0x00007ffc56b46000 	C:\Windows\System32\ole32.dll
0x00007ffc34d30000 - 0x00007ffc34e07000 	C:\Users\User\.jdks\openjdk-22.0.2\bin\jsvml.dll
0x00007ffc416c0000 - 0x00007ffc416d7000 	C:\Users\User\.jdks\openjdk-22.0.2\bin\zip.dll
0x00007ffc46570000 - 0x00007ffc46580000 	C:\Users\User\.jdks\openjdk-22.0.2\bin\net.dll
0x00007ffc53280000 - 0x00007ffc532e7000 	C:\Windows\system32\mswsock.dll
0x00007ffc45dd0000 - 0x00007ffc45de6000 	C:\Users\User\.jdks\openjdk-22.0.2\bin\nio.dll
0x00007ffc45480000 - 0x00007ffc45490000 	C:\Users\User\.jdks\openjdk-22.0.2\bin\verify.dll
0x00007ffc3dd30000 - 0x00007ffc3dd57000 	C:\Users\User\.gradle\native\c067742578af261105cb4f569cf0c3c89f3d7b1fecec35dd04571415982c5e48\windows-amd64\native-platform.dll
0x00007ffc30870000 - 0x00007ffc309b4000 	C:\Users\User\.gradle\native\100fb08df4bc3b14c8652ba06237920a3bd2aa13389f12d3474272988ae205f9\windows-amd64\native-platform-file-events.dll
0x00007ffc46380000 - 0x00007ffc4638a000 	C:\Users\User\.jdks\openjdk-22.0.2\bin\management.dll
0x00007ffc46020000 - 0x00007ffc4602b000 	C:\Users\User\.jdks\openjdk-22.0.2\bin\management_ext.dll
0x00007ffc56f30000 - 0x00007ffc56f38000 	C:\Windows\System32\PSAPI.DLL
0x00007ffc52da0000 - 0x00007ffc52dd3000 	C:\Windows\system32\rsaenh.dll
0x00007ffc53990000 - 0x00007ffc539b9000 	C:\Windows\SYSTEM32\USERENV.dll
0x00007ffc53450000 - 0x00007ffc5345c000 	C:\Windows\SYSTEM32\CRYPTBASE.dll
0x00007ffc52f70000 - 0x00007ffc52fad000 	C:\Windows\SYSTEM32\IPHLPAPI.DLL
0x00007ffc554d0000 - 0x00007ffc554d8000 	C:\Windows\System32\NSI.dll
0x00007ffc45610000 - 0x00007ffc45619000 	C:\Users\User\.jdks\openjdk-22.0.2\bin\extnet.dll
0x00007ffc3eb60000 - 0x00007ffc3eb6e000 	C:\Users\User\.jdks\openjdk-22.0.2\bin\sunmscapi.dll
0x00007ffc53e40000 - 0x00007ffc5403e000 	C:\Windows\System32\CRYPT32.dll
0x00007ffc53a90000 - 0x00007ffc53aa2000 	C:\Windows\System32\MSASN1.dll
0x00007ffc53550000 - 0x00007ffc5357c000 	C:\Windows\SYSTEM32\ncrypt.dll
0x00007ffc53510000 - 0x00007ffc5354c000 	C:\Windows\SYSTEM32\NTASN1.dll
0x00007ffc3f510000 - 0x00007ffc3f517000 	C:\Windows\system32\wshunix.dll
0x00007ffc52e30000 - 0x00007ffc52e61000 	C:\Windows\SYSTEM32\ntmarta.dll

dbghelp: loaded successfully - version: 4.0.5 - missing functions: none
symbol engine: initialized successfully - sym options: 0x614 - pdb path: .;C:\Users\User\.jdks\openjdk-22.0.2\bin;C:\Windows\SYSTEM32;C:\Windows\WinSxS\amd64_microsoft.windows.common-controls_6595b64144ccf1df_6.0.17763.6293_none_de76a9f2534660ca;C:\Users\User\.jdks\openjdk-22.0.2\bin\server;C:\Users\User\.gradle\native\c067742578af261105cb4f569cf0c3c89f3d7b1fecec35dd04571415982c5e48\windows-amd64;C:\Users\User\.gradle\native\100fb08df4bc3b14c8652ba06237920a3bd2aa13389f12d3474272988ae205f9\windows-amd64

VM Arguments:
jvm_args: --add-opens=java.base/java.util=ALL-UNNAMED --add-opens=java.base/java.lang=ALL-UNNAMED --add-opens=java.base/java.lang.invoke=ALL-UNNAMED --add-opens=java.prefs/java.util.prefs=ALL-UNNAMED --add-opens=java.base/java.nio.charset=ALL-UNNAMED --add-opens=java.base/java.net=ALL-UNNAMED --add-opens=java.base/java.util.concurrent.atomic=ALL-UNNAMED -XX:MaxMetaspaceSize=384m -XX:+HeapDumpOnOutOfMemoryError -Xms256m -Xmx512m -Dfile.encoding=UTF-8 -Duser.country=RU -Duser.language=ru -Duser.variant -javaagent:C:\Users\User\.gradle\wrapper\dists\gradle-8.8-bin\dl7vupf4psengwqhwktix4v1\gradle-8.8\lib\agents\gradle-instrumentation-agent-8.8.jar 
java_command: org.gradle.launcher.daemon.bootstrap.GradleDaemon 8.8
java_class_path (initial): C:\Users\User\.gradle\wrapper\dists\gradle-8.8-bin\dl7vupf4psengwqhwktix4v1\gradle-8.8\lib\gradle-launcher-8.8.jar
Launcher Type: SUN_STANDARD

[Global flags]
     intx CICompilerCount                          = 2                                         {product} {ergonomic}
   size_t CompressedClassSpaceSize                 = 335544320                                 {product} {ergonomic}
     uint ConcGCThreads                            = 1                                         {product} {ergonomic}
     uint G1ConcRefinementThreads                  = 2                                         {product} {ergonomic}
   size_t G1HeapRegionSize                         = 1048576                                   {product} {ergonomic}
     bool HeapDumpOnOutOfMemoryError               = true                                   {manageable} {command line}
   size_t InitialHeapSize                          = 268435456                                 {product} {command line}
   size_t MarkStackSize                            = 4194304                                   {product} {ergonomic}
   size_t MaxHeapSize                              = 536870912                                 {product} {command line}
   size_t MaxMetaspaceSize                         = 402653184                                 {product} {command line}
   size_t MaxNewSize                               = 321912832                                 {product} {ergonomic}
   size_t MinHeapDeltaBytes                        = 1048576                                   {product} {ergonomic}
   size_t MinHeapSize                              = 268435456                                 {product} {command line}
    uintx NonNMethodCodeHeapSize                   = 5826188                                {pd product} {ergonomic}
    uintx NonProfiledCodeHeapSize                  = 122916026                              {pd product} {ergonomic}
    uintx ProfiledCodeHeapSize                     = 122916026                              {pd product} {ergonomic}
    uintx ReservedCodeCacheSize                    = 251658240                              {pd product} {ergonomic}
     bool SegmentedCodeCache                       = true                                      {product} {ergonomic}
   size_t SoftMaxHeapSize                          = 536870912                              {manageable} {ergonomic}
     bool UseCompressedOops                        = true                           {product lp64_product} {ergonomic}
     bool UseG1GC                                  = true                                      {product} {ergonomic}
     bool UseLargePagesIndividualAllocation        = false                                  {pd product} {ergonomic}

Logging:
Log output configuration:
 #0: stdout all=warning uptime,level,tags foldmultilines=false
 #1: stderr all=off uptime,level,tags foldmultilines=false

Environment Variables:
PATH=C:\Windows\system32;C:\Windows;C:\Windows\System32\Wbem;C:\Windows\System32\WindowsPowerShell\v1.0\;C:\Windows\System32\OpenSSH\;C:\Program Files (x86)\NVIDIA Corporation\PhysX\Common;C:\Program Files\Git\cmd;C:\Users\User\AppData\Local\Programs\Python\Python311\Scripts\;C:\Users\User\AppData\Local\Programs\Python\Python311\;C:\Users\User\AppData\Local\Microsoft\WindowsApps;
USERNAME=User
OS=Windows_NT
PROCESSOR_IDENTIFIER=Intel64 Family 6 Model 58 Stepping 9, GenuineIntel
TMP=C:\Users\User\AppData\Local\Temp
TEMP=C:\Users\User\AppData\Local\Temp




Periodic native trim disabled

---------------  S Y S T E M  ---------------

OS:
 Windows 10 , 64 bit Build 17763 (10.0.17763.6292)
OS uptime: 0 days 11:50 hours

CPU: total 2 (initial active 2) (2 cores per cpu, 1 threads per core) family 6 model 58 stepping 9 microcode 0x21, cx8, cmov, fxsr, mmx, sse, sse2, sse3, ssse3, sse4.1, sse4.2, popcnt, tsc, tscinvbit, erms, clmul, clflush, rdtscp
Processor Information for all 2 processors :
  Max Mhz: 2700, Current Mhz: 2700, Mhz Limit: 2700

Memory: 4k page, system-wide physical 1935M (226M free)
TotalPageFile size 7823M (AvailPageFile size 1M)
current process WorkingSet (physical memory assigned to process): 287M, peak: 379M
current process commit charge ("private bytes"): 475M, peak: 494M

vm_info: OpenJDK 64-Bit Server VM (22.0.2+9-70) for windows-amd64 JRE (22.0.2+9-70), built on 2024-06-04T16:52:23Z by "mach5one" with MS VC++ 17.6 (VS2022)

END.
